{"meta": {"format": 3, "version": "7.13.2", "timestamp": "2026-01-27T18:16:07.442212", "branch_coverage": true, "show_contexts": false}, "files": {"src/rasen/__init__.py": {"executed_lines": [3, 14, 16, 18], "summary": {"covered_lines": 4, "num_statements": 4, "percent_covered": 100.0, "percent_covered_display": "100", "missing_lines": 0, "excluded_lines": 0, "percent_statements_covered": 100.0, "percent_statements_covered_display": "100", "num_branches": 0, "num_partial_branches": 0, "covered_branches": 0, "missing_branches": 0, "percent_branches_covered": 100.0, "percent_branches_covered_display": "100"}, "missing_lines": [], "excluded_lines": [], "executed_branches": [], "missing_branches": [], "functions": {"": {"executed_lines": [3, 14, 16, 18], "summary": {"covered_lines": 4, "num_statements": 4, "percent_covered": 100.0, "percent_covered_display": "100", "missing_lines": 0, "excluded_lines": 0, "percent_statements_covered": 100.0, "percent_statements_covered_display": "100", "num_branches": 0, "num_partial_branches": 0, "covered_branches": 0, "missing_branches": 0, "percent_branches_covered": 100.0, "percent_branches_covered_display": "100"}, "missing_lines": [], "excluded_lines": [], "start_line": 1, "executed_branches": [], "missing_branches": []}}, "classes": {"": {"executed_lines": [3, 14, 16, 18], "summary": {"covered_lines": 4, "num_statements": 4, "percent_covered": 100.0, "percent_covered_display": "100", "missing_lines": 0, "excluded_lines": 0, "percent_statements_covered": 100.0, "percent_statements_covered_display": "100", "num_branches": 0, "num_partial_branches": 0, "covered_branches": 0, "missing_branches": 0, "percent_branches_covered": 100.0, "percent_branches_covered_display": "100"}, "missing_lines": [], "excluded_lines": [], "start_line": 1, "executed_branches": [], "missing_branches": []}}}, "src/rasen/claude_runner.py": {"executed_lines": [], "summary": {"covered_lines": 0, "num_statements": 20, "percent_covered": 0.0, "percent_covered_display": "0", "missing_lines": 20, "excluded_lines": 0, "percent_statements_covered": 0.0, "percent_statements_covered_display": "0", "num_branches": 2, "num_partial_branches": 0, "covered_branches": 0, "missing_branches": 2, "percent_branches_covered": 0.0, "percent_branches_covered_display": "0"}, "missing_lines": [3, 5, 6, 7, 9, 12, 32, 50, 51, 58, 59, 60, 61, 62, 65, 66, 69, 81, 82, 83], "excluded_lines": [], "executed_branches": [], "missing_branches": [[81, 82], [81, 83]], "functions": {"run_claude_session": {"executed_lines": [], "summary": {"covered_lines": 0, "num_statements": 9, "percent_covered": 0.0, "percent_covered_display": "0", "missing_lines": 9, "excluded_lines": 0, "percent_statements_covered": 0.0, "percent_statements_covered_display": "0", "num_branches": 0, "num_partial_branches": 0, "covered_branches": 0, "missing_branches": 0, "percent_branches_covered": 100.0, "percent_branches_covered_display": "100"}, "missing_lines": [50, 51, 58, 59, 60, 61, 62, 65, 66], "excluded_lines": [], "start_line": 32, "executed_branches": [], "missing_branches": []}, "get_agent_config": {"executed_lines": [], "summary": {"covered_lines": 0, "num_statements": 3, "percent_covered": 0.0, "percent_covered_display": "0", "missing_lines": 3, "excluded_lines": 0, "percent_statements_covered": 0.0, "percent_statements_covered_display": "0", "num_branches": 2, "num_partial_branches": 0, "covered_branches": 0, "missing_branches": 2, "percent_branches_covered": 0.0, "percent_branches_covered_display": "0"}, "missing_lines": [81, 82, 83], "excluded_lines": [], "start_line": 69, "executed_branches": [], "missing_branches": [[81, 82], [81, 83]]}, "": {"executed_lines": [], "summary": {"covered_lines": 0, "num_statements": 8, "percent_covered": 0.0, "percent_covered_display": "0", "missing_lines": 8, "excluded_lines": 0, "percent_statements_covered": 0.0, "percent_statements_covered_display": "0", "num_branches": 0, "num_partial_branches": 0, "covered_branches": 0, "missing_branches": 0, "percent_branches_covered": 100.0, "percent_branches_covered_display": "100"}, "missing_lines": [3, 5, 6, 7, 9, 12, 32, 69], "excluded_lines": [], "start_line": 1, "executed_branches": [], "missing_branches": []}}, "classes": {"": {"executed_lines": [], "summary": {"covered_lines": 0, "num_statements": 20, "percent_covered": 0.0, "percent_covered_display": "0", "missing_lines": 20, "excluded_lines": 0, "percent_statements_covered": 0.0, "percent_statements_covered_display": "0", "num_branches": 2, "num_partial_branches": 0, "covered_branches": 0, "missing_branches": 2, "percent_branches_covered": 0.0, "percent_branches_covered_display": "0"}, "missing_lines": [3, 5, 6, 7, 9, 12, 32, 50, 51, 58, 59, 60, 61, 62, 65, 66, 69, 81, 82, 83], "excluded_lines": [], "start_line": 1, "executed_branches": [], "missing_branches": [[81, 82], [81, 83]]}}}, "src/rasen/cli.py": {"executed_lines": [], "summary": {"covered_lines": 0, "num_statements": 101, "percent_covered": 0.0, "percent_covered_display": "0", "missing_lines": 101, "excluded_lines": 2, "percent_statements_covered": 0.0, "percent_statements_covered_display": "0", "num_branches": 18, "num_partial_branches": 0, "covered_branches": 0, "missing_branches": 18, "percent_branches_covered": 0.0, "percent_branches_covered_display": "0"}, "missing_lines": [3, 5, 7, 9, 10, 11, 14, 15, 16, 17, 19, 20, 23, 24, 25, 26, 28, 30, 31, 32, 36, 37, 39, 40, 43, 44, 45, 46, 47, 48, 50, 52, 55, 56, 57, 58, 61, 62, 64, 68, 71, 72, 73, 76, 79, 81, 82, 83, 84, 86, 88, 89, 90, 92, 93, 94, 95, 96, 97, 98, 99, 100, 101, 102, 105, 106, 107, 109, 111, 112, 114, 115, 117, 118, 119, 121, 122, 123, 124, 125, 126, 127, 128, 129, 132, 133, 134, 135, 137, 141, 142, 143, 145, 149, 150, 151, 153, 157, 158, 159, 161], "excluded_lines": [165, 166], "executed_branches": [], "missing_branches": [[55, 56], [55, 57], [57, 58], [57, 61], [71, 72], [71, 76], [83, 84], [83, 86], [92, -43], [92, 93], [94, 95], [94, 96], [96, -43], [96, 97], [117, 118], [117, 121], [126, 127], [126, 129]], "functions": {"main": {"executed_lines": [], "summary": {"covered_lines": 0, "num_statements": 2, "percent_covered": 0.0, "percent_covered_display": "0", "missing_lines": 2, "excluded_lines": 0, "percent_statements_covered": 0.0, "percent_statements_covered_display": "0", "num_branches": 0, "num_partial_branches": 0, "covered_branches": 0, "missing_branches": 0, "percent_branches_covered": 100.0, "percent_branches_covered_display": "100"}, "missing_lines": [19, 20], "excluded_lines": [], "start_line": 17, "executed_branches": [], "missing_branches": []}, "init": {"executed_lines": [], "summary": {"covered_lines": 0, "num_statements": 8, "percent_covered": 0.0, "percent_covered_display": "0", "missing_lines": 8, "excluded_lines": 0, "percent_statements_covered": 0.0, "percent_statements_covered_display": "0", "num_branches": 0, "num_partial_branches": 0, "covered_branches": 0, "missing_branches": 0, "percent_branches_covered": 100.0, "percent_branches_covered_display": "100"}, "missing_lines": [28, 30, 31, 32, 36, 37, 39, 40], "excluded_lines": [], "start_line": 26, "executed_branches": [], "missing_branches": []}, "run": {"executed_lines": [], "summary": {"covered_lines": 0, "num_statements": 34, "percent_covered": 0.0, "percent_covered_display": "0", "missing_lines": 34, "excluded_lines": 0, "percent_statements_covered": 0.0, "percent_statements_covered_display": "0", "num_branches": 14, "num_partial_branches": 0, "covered_branches": 0, "missing_branches": 14, "percent_branches_covered": 0.0, "percent_branches_covered_display": "0"}, "missing_lines": [50, 52, 55, 56, 57, 58, 61, 62, 64, 68, 71, 72, 73, 76, 79, 81, 82, 83, 84, 86, 88, 89, 90, 92, 93, 94, 95, 96, 97, 98, 99, 100, 101, 102], "excluded_lines": [], "start_line": 48, "executed_branches": [], "missing_branches": [[55, 56], [55, 57], [57, 58], [57, 61], [71, 72], [71, 76], [83, 84], [83, 86], [92, -43], [92, 93], [94, 95], [94, 96], [96, -43], [96, 97]]}, "status": {"executed_lines": [], "summary": {"covered_lines": 0, "num_statements": 17, "percent_covered": 0.0, "percent_covered_display": "0", "missing_lines": 17, "excluded_lines": 0, "percent_statements_covered": 0.0, "percent_statements_covered_display": "0", "num_branches": 4, "num_partial_branches": 0, "covered_branches": 0, "missing_branches": 4, "percent_branches_covered": 0.0, "percent_branches_covered_display": "0"}, "missing_lines": [109, 111, 112, 114, 115, 117, 118, 119, 121, 122, 123, 124, 125, 126, 127, 128, 129], "excluded_lines": [], "start_line": 107, "executed_branches": [], "missing_branches": [[117, 118], [117, 121], [126, 127], [126, 129]]}, "logs": {"executed_lines": [], "summary": {"covered_lines": 0, "num_statements": 1, "percent_covered": 0.0, "percent_covered_display": "0", "missing_lines": 1, "excluded_lines": 0, "percent_statements_covered": 0.0, "percent_statements_covered_display": "0", "num_branches": 0, "num_partial_branches": 0, "covered_branches": 0, "missing_branches": 0, "percent_branches_covered": 100.0, "percent_branches_covered_display": "100"}, "missing_lines": [137], "excluded_lines": [], "start_line": 135, "executed_branches": [], "missing_branches": []}, "stop": {"executed_lines": [], "summary": {"covered_lines": 0, "num_statements": 1, "percent_covered": 0.0, "percent_covered_display": "0", "missing_lines": 1, "excluded_lines": 0, "percent_statements_covered": 0.0, "percent_statements_covered_display": "0", "num_branches": 0, "num_partial_branches": 0, "covered_branches": 0, "missing_branches": 0, "percent_branches_covered": 100.0, "percent_branches_covered_display": "100"}, "missing_lines": [145], "excluded_lines": [], "start_line": 143, "executed_branches": [], "missing_branches": []}, "resume": {"executed_lines": [], "summary": {"covered_lines": 0, "num_statements": 1, "percent_covered": 0.0, "percent_covered_display": "0", "missing_lines": 1, "excluded_lines": 0, "percent_statements_covered": 0.0, "percent_statements_covered_display": "0", "num_branches": 0, "num_partial_branches": 0, "covered_branches": 0, "missing_branches": 0, "percent_branches_covered": 100.0, "percent_branches_covered_display": "100"}, "missing_lines": [153], "excluded_lines": [], "start_line": 151, "executed_branches": [], "missing_branches": []}, "merge": {"executed_lines": [], "summary": {"covered_lines": 0, "num_statements": 1, "percent_covered": 0.0, "percent_covered_display": "0", "missing_lines": 1, "excluded_lines": 0, "percent_statements_covered": 0.0, "percent_statements_covered_display": "0", "num_branches": 0, "num_partial_branches": 0, "covered_branches": 0, "missing_branches": 0, "percent_branches_covered": 100.0, "percent_branches_covered_display": "100"}, "missing_lines": [161], "excluded_lines": [], "start_line": 159, "executed_branches": [], "missing_branches": []}, "": {"executed_lines": [], "summary": {"covered_lines": 0, "num_statements": 36, "percent_covered": 0.0, "percent_covered_display": "0", "missing_lines": 36, "excluded_lines": 2, "percent_statements_covered": 0.0, "percent_statements_covered_display": "0", "num_branches": 0, "num_partial_branches": 0, "covered_branches": 0, "missing_branches": 0, "percent_branches_covered": 100.0, "percent_branches_covered_display": "100"}, "missing_lines": [3, 5, 7, 9, 10, 11, 14, 15, 16, 17, 23, 24, 25, 26, 43, 44, 45, 46, 47, 48, 105, 106, 107, 132, 133, 134, 135, 141, 142, 143, 149, 150, 151, 157, 158, 159], "excluded_lines": [165, 166], "start_line": 1, "executed_branches": [], "missing_branches": []}}, "classes": {"": {"executed_lines": [], "summary": {"covered_lines": 0, "num_statements": 101, "percent_covered": 0.0, "percent_covered_display": "0", "missing_lines": 101, "excluded_lines": 2, "percent_statements_covered": 0.0, "percent_statements_covered_display": "0", "num_branches": 18, "num_partial_branches": 0, "covered_branches": 0, "missing_branches": 18, "percent_branches_covered": 0.0, "percent_branches_covered_display": "0"}, "missing_lines": [3, 5, 7, 9, 10, 11, 14, 15, 16, 17, 19, 20, 23, 24, 25, 26, 28, 30, 31, 32, 36, 37, 39, 40, 43, 44, 45, 46, 47, 48, 50, 52, 55, 56, 57, 58, 61, 62, 64, 68, 71, 72, 73, 76, 79, 81, 82, 83, 84, 86, 88, 89, 90, 92, 93, 94, 95, 96, 97, 98, 99, 100, 101, 102, 105, 106, 107, 109, 111, 112, 114, 115, 117, 118, 119, 121, 122, 123, 124, 125, 126, 127, 128, 129, 132, 133, 134, 135, 137, 141, 142, 143, 145, 149, 150, 151, 153, 157, 158, 159, 161], "excluded_lines": [165, 166], "start_line": 1, "executed_branches": [], "missing_branches": [[55, 56], [55, 57], [57, 58], [57, 61], [71, 72], [71, 76], [83, 84], [83, 86], [92, -43], [92, 93], [94, 95], [94, 96], [96, -43], [96, 97], [117, 118], [117, 121], [126, 127], [126, 129]]}}}, "src/rasen/config.py": {"executed_lines": [3, 5, 6, 8, 9, 11, 14, 17, 18, 21, 24, 25, 26, 27, 28, 31, 34, 35, 38, 41, 42, 45, 48, 49, 50, 53, 56, 57, 60, 63, 64, 65, 66, 69, 72, 73, 74, 77, 80, 81, 84, 87, 88, 89, 92, 95, 96, 97, 98, 99, 100, 101, 102, 103, 104, 107, 125, 126, 129, 130, 131, 132, 136, 139, 142, 143, 148, 150, 156, 157, 165], "summary": {"covered_lines": 71, "num_statements": 80, "percent_covered": 84.78260869565217, "percent_covered_display": "85", "missing_lines": 9, "excluded_lines": 0, "percent_statements_covered": 88.75, "percent_statements_covered_display": "89", "num_branches": 12, "num_partial_branches": 1, "covered_branches": 7, "missing_branches": 5, "percent_branches_covered": 58.333333333333336, "percent_branches_covered_display": "58"}, "missing_lines": [133, 134, 144, 145, 158, 159, 161, 162, 163], "excluded_lines": [], "executed_branches": [[125, 126], [125, 129], [129, 130], [129, 136], [156, 157], [156, 165], [157, 156]], "missing_branches": [[157, 158], [158, 159], [158, 161], [161, 162], [161, 163]], "functions": {"load_config": {"executed_lines": [125, 126, 129, 130, 131, 132, 136, 139, 142, 143], "summary": {"covered_lines": 10, "num_statements": 14, "percent_covered": 77.77777777777777, "percent_covered_display": "78", "missing_lines": 4, "excluded_lines": 0, "percent_statements_covered": 71.42857142857143, "percent_statements_covered_display": "71", "num_branches": 4, "num_partial_branches": 0, "covered_branches": 4, "missing_branches": 0, "percent_branches_covered": 100.0, "percent_branches_covered_display": "100"}, "missing_lines": [133, 134, 144, 145], "excluded_lines": [], "start_line": 107, "executed_branches": [[125, 126], [125, 129], [129, 130], [129, 136]], "missing_branches": []}, "_apply_env_overrides": {"executed_lines": [150, 156, 157, 165], "summary": {"covered_lines": 4, "num_statements": 9, "percent_covered": 41.1764705882353, "percent_covered_display": "41", "missing_lines": 5, "excluded_lines": 0, "percent_statements_covered": 44.44444444444444, "percent_statements_covered_display": "44", "num_branches": 8, "num_partial_branches": 1, "covered_branches": 3, "missing_branches": 5, "percent_branches_covered": 37.5, "percent_branches_covered_display": "38"}, "missing_lines": [158, 159, 161, 162, 163], "excluded_lines": [], "start_line": 148, "executed_branches": [[156, 157], [156, 165], [157, 156]], "missing_branches": [[157, 158], [158, 159], [158, 161], [161, 162], [161, 163]]}, "": {"executed_lines": [3, 5, 6, 8, 9, 11, 14, 17, 18, 21, 24, 25, 26, 27, 28, 31, 34, 35, 38, 41, 42, 45, 48, 49, 50, 53, 56, 57, 60, 63, 64, 65, 66, 69, 72, 73, 74, 77, 80, 81, 84, 87, 88, 89, 92, 95, 96, 97, 98, 99, 100, 101, 102, 103, 104, 107, 148], "summary": {"covered_lines": 57, "num_statements": 57, "percent_covered": 100.0, "percent_covered_display": "100", "missing_lines": 0, "excluded_lines": 0, "percent_statements_covered": 100.0, "percent_statements_covered_display": "100", "num_branches": 0, "num_partial_branches": 0, "covered_branches": 0, "missing_branches": 0, "percent_branches_covered": 100.0, "percent_branches_covered_display": "100"}, "missing_lines": [], "excluded_lines": [], "start_line": 1, "executed_branches": [], "missing_branches": []}}, "classes": {"ProjectConfig": {"executed_lines": [], "summary": {"covered_lines": 0, "num_statements": 0, "percent_covered": 100.0, "percent_covered_display": "100", "missing_lines": 0, "excluded_lines": 0, "percent_statements_covered": 100.0, "percent_statements_covered_display": "100", "num_branches": 0, "num_partial_branches": 0, "covered_branches": 0, "missing_branches": 0, "percent_branches_covered": 100.0, "percent_branches_covered_display": "100"}, "missing_lines": [], "excluded_lines": [], "start_line": 14, "executed_branches": [], "missing_branches": []}, "OrchestratorConfig": {"executed_lines": [], "summary": {"covered_lines": 0, "num_statements": 0, "percent_covered": 100.0, "percent_covered_display": "100", "missing_lines": 0, "excluded_lines": 0, "percent_statements_covered": 100.0, "percent_statements_covered_display": "100", "num_branches": 0, "num_partial_branches": 0, "covered_branches": 0, "missing_branches": 0, "percent_branches_covered": 100.0, "percent_branches_covered_display": "100"}, "missing_lines": [], "excluded_lines": [], "start_line": 21, "executed_branches": [], "missing_branches": []}, "AgentConfig": {"executed_lines": [], "summary": {"covered_lines": 0, "num_statements": 0, "percent_covered": 100.0, "percent_covered_display": "100", "missing_lines": 0, "excluded_lines": 0, "percent_statements_covered": 100.0, "percent_statements_covered_display": "100", "num_branches": 0, "num_partial_branches": 0, "covered_branches": 0, "missing_branches": 0, "percent_branches_covered": 100.0, "percent_branches_covered_display": "100"}, "missing_lines": [], "excluded_lines": [], "start_line": 31, "executed_branches": [], "missing_branches": []}, "WorktreeConfig": {"executed_lines": [], "summary": {"covered_lines": 0, "num_statements": 0, "percent_covered": 100.0, "percent_covered_display": "100", "missing_lines": 0, "excluded_lines": 0, "percent_statements_covered": 100.0, "percent_statements_covered_display": "100", "num_branches": 0, "num_partial_branches": 0, "covered_branches": 0, "missing_branches": 0, "percent_branches_covered": 100.0, "percent_branches_covered_display": "100"}, "missing_lines": [], "excluded_lines": [], "start_line": 38, "executed_branches": [], "missing_branches": []}, "MemoryConfig": {"executed_lines": [], "summary": {"covered_lines": 0, "num_statements": 0, "percent_covered": 100.0, "percent_covered_display": "100", "missing_lines": 0, "excluded_lines": 0, "percent_statements_covered": 100.0, "percent_statements_covered_display": "100", "num_branches": 0, "num_partial_branches": 0, "covered_branches": 0, "missing_branches": 0, "percent_branches_covered": 100.0, "percent_branches_covered_display": "100"}, "missing_lines": [], "excluded_lines": [], "start_line": 45, "executed_branches": [], "missing_branches": []}, "BackpressureConfig": {"executed_lines": [], "summary": {"covered_lines": 0, "num_statements": 0, "percent_covered": 100.0, "percent_covered_display": "100", "missing_lines": 0, "excluded_lines": 0, "percent_statements_covered": 100.0, "percent_statements_covered_display": "100", "num_branches": 0, "num_partial_branches": 0, "covered_branches": 0, "missing_branches": 0, "percent_branches_covered": 100.0, "percent_branches_covered_display": "100"}, "missing_lines": [], "excluded_lines": [], "start_line": 53, "executed_branches": [], "missing_branches": []}, "BackgroundConfig": {"executed_lines": [], "summary": {"covered_lines": 0, "num_statements": 0, "percent_covered": 100.0, "percent_covered_display": "100", "missing_lines": 0, "excluded_lines": 0, "percent_statements_covered": 100.0, "percent_statements_covered_display": "100", "num_branches": 0, "num_partial_branches": 0, "covered_branches": 0, "missing_branches": 0, "percent_branches_covered": 100.0, "percent_branches_covered_display": "100"}, "missing_lines": [], "excluded_lines": [], "start_line": 60, "executed_branches": [], "missing_branches": []}, "StallDetectionConfig": {"executed_lines": [], "summary": {"covered_lines": 0, "num_statements": 0, "percent_covered": 100.0, "percent_covered_display": "100", "missing_lines": 0, "excluded_lines": 0, "percent_statements_covered": 100.0, "percent_statements_covered_display": "100", "num_branches": 0, "num_partial_branches": 0, "covered_branches": 0, "missing_branches": 0, "percent_branches_covered": 100.0, "percent_branches_covered_display": "100"}, "missing_lines": [], "excluded_lines": [], "start_line": 69, "executed_branches": [], "missing_branches": []}, "ReviewConfig": {"executed_lines": [], "summary": {"covered_lines": 0, "num_statements": 0, "percent_covered": 100.0, "percent_covered_display": "100", "missing_lines": 0, "excluded_lines": 0, "percent_statements_covered": 100.0, "percent_statements_covered_display": "100", "num_branches": 0, "num_partial_branches": 0, "covered_branches": 0, "missing_branches": 0, "percent_branches_covered": 100.0, "percent_branches_covered_display": "100"}, "missing_lines": [], "excluded_lines": [], "start_line": 77, "executed_branches": [], "missing_branches": []}, "QAConfig": {"executed_lines": [], "summary": {"covered_lines": 0, "num_statements": 0, "percent_covered": 100.0, "percent_covered_display": "100", "missing_lines": 0, "excluded_lines": 0, "percent_statements_covered": 100.0, "percent_statements_covered_display": "100", "num_branches": 0, "num_partial_branches": 0, "covered_branches": 0, "missing_branches": 0, "percent_branches_covered": 100.0, "percent_branches_covered_display": "100"}, "missing_lines": [], "excluded_lines": [], "start_line": 84, "executed_branches": [], "missing_branches": []}, "Config": {"executed_lines": [], "summary": {"covered_lines": 0, "num_statements": 0, "percent_covered": 100.0, "percent_covered_display": "100", "missing_lines": 0, "excluded_lines": 0, "percent_statements_covered": 100.0, "percent_statements_covered_display": "100", "num_branches": 0, "num_partial_branches": 0, "covered_branches": 0, "missing_branches": 0, "percent_branches_covered": 100.0, "percent_branches_covered_display": "100"}, "missing_lines": [], "excluded_lines": [], "start_line": 92, "executed_branches": [], "missing_branches": []}, "": {"executed_lines": [3, 5, 6, 8, 9, 11, 14, 17, 18, 21, 24, 25, 26, 27, 28, 31, 34, 35, 38, 41, 42, 45, 48, 49, 50, 53, 56, 57, 60, 63, 64, 65, 66, 69, 72, 73, 74, 77, 80, 81, 84, 87, 88, 89, 92, 95, 96, 97, 98, 99, 100, 101, 102, 103, 104, 107, 125, 126, 129, 130, 131, 132, 136, 139, 142, 143, 148, 150, 156, 157, 165], "summary": {"covered_lines": 71, "num_statements": 80, "percent_covered": 84.78260869565217, "percent_covered_display": "85", "missing_lines": 9, "excluded_lines": 0, "percent_statements_covered": 88.75, "percent_statements_covered_display": "89", "num_branches": 12, "num_partial_branches": 1, "covered_branches": 7, "missing_branches": 5, "percent_branches_covered": 58.333333333333336, "percent_branches_covered_display": "58"}, "missing_lines": [133, 134, 144, 145, 158, 159, 161, 162, 163], "excluded_lines": [], "start_line": 1, "executed_branches": [[125, 126], [125, 129], [129, 130], [129, 136], [156, 157], [156, 165], [157, 156]], "missing_branches": [[157, 158], [158, 159], [158, 161], [161, 162], [161, 163]]}}}, "src/rasen/events.py": {"executed_lines": [3, 5, 7, 10, 19, 20, 22, 23, 24, 25, 27, 30, 43, 55], "summary": {"covered_lines": 14, "num_statements": 21, "percent_covered": 59.25925925925926, "percent_covered_display": "59", "missing_lines": 7, "excluded_lines": 0, "percent_statements_covered": 66.66666666666667, "percent_statements_covered_display": "67", "num_branches": 6, "num_partial_branches": 0, "covered_branches": 2, "missing_branches": 4, "percent_branches_covered": 33.333333333333336, "percent_branches_covered_display": "33"}, "missing_lines": [39, 40, 52, 65, 66, 67, 68], "excluded_lines": [], "executed_branches": [[22, 23], [22, 27]], "missing_branches": [[65, 66], [65, 68], [66, 65], [66, 67]], "functions": {"parse_events": {"executed_lines": [19, 20, 22, 23, 24, 25, 27], "summary": {"covered_lines": 7, "num_statements": 7, "percent_covered": 100.0, "percent_covered_display": "100", "missing_lines": 0, "excluded_lines": 0, "percent_statements_covered": 100.0, "percent_statements_covered_display": "100", "num_branches": 2, "num_partial_branches": 0, "covered_branches": 2, "missing_branches": 0, "percent_branches_covered": 100.0, "percent_branches_covered_display": "100"}, "missing_lines": [], "excluded_lines": [], "start_line": 10, "executed_branches": [[22, 23], [22, 27]], "missing_branches": []}, "has_completion_event": {"executed_lines": [], "summary": {"covered_lines": 0, "num_statements": 2, "percent_covered": 0.0, "percent_covered_display": "0", "missing_lines": 2, "excluded_lines": 0, "percent_statements_covered": 0.0, "percent_statements_covered_display": "0", "num_branches": 0, "num_partial_branches": 0, "covered_branches": 0, "missing_branches": 0, "percent_branches_covered": 100.0, "percent_branches_covered_display": "100"}, "missing_lines": [39, 40], "excluded_lines": [], "start_line": 30, "executed_branches": [], "missing_branches": []}, "has_blocked_event": {"executed_lines": [], "summary": {"covered_lines": 0, "num_statements": 1, "percent_covered": 0.0, "percent_covered_display": "0", "missing_lines": 1, "excluded_lines": 0, "percent_statements_covered": 0.0, "percent_statements_covered_display": "0", "num_branches": 0, "num_partial_branches": 0, "covered_branches": 0, "missing_branches": 0, "percent_branches_covered": 100.0, "percent_branches_covered_display": "100"}, "missing_lines": [52], "excluded_lines": [], "start_line": 43, "executed_branches": [], "missing_branches": []}, "get_event_payload": {"executed_lines": [], "summary": {"covered_lines": 0, "num_statements": 4, "percent_covered": 0.0, "percent_covered_display": "0", "missing_lines": 4, "excluded_lines": 0, "percent_statements_covered": 0.0, "percent_statements_covered_display": "0", "num_branches": 4, "num_partial_branches": 0, "covered_branches": 0, "missing_branches": 4, "percent_branches_covered": 0.0, "percent_branches_covered_display": "0"}, "missing_lines": [65, 66, 67, 68], "excluded_lines": [], "start_line": 55, "executed_branches": [], "missing_branches": [[65, 66], [65, 68], [66, 65], [66, 67]]}, "": {"executed_lines": [3, 5, 7, 10, 30, 43, 55], "summary": {"covered_lines": 7, "num_statements": 7, "percent_covered": 100.0, "percent_covered_display": "100", "missing_lines": 0, "excluded_lines": 0, "percent_statements_covered": 100.0, "percent_statements_covered_display": "100", "num_branches": 0, "num_partial_branches": 0, "covered_branches": 0, "missing_branches": 0, "percent_branches_covered": 100.0, "percent_branches_covered_display": "100"}, "missing_lines": [], "excluded_lines": [], "start_line": 1, "executed_branches": [], "missing_branches": []}}, "classes": {"": {"executed_lines": [3, 5, 7, 10, 19, 20, 22, 23, 24, 25, 27, 30, 43, 55], "summary": {"covered_lines": 14, "num_statements": 21, "percent_covered": 59.25925925925926, "percent_covered_display": "59", "missing_lines": 7, "excluded_lines": 0, "percent_statements_covered": 66.66666666666667, "percent_statements_covered_display": "67", "num_branches": 6, "num_partial_branches": 0, "covered_branches": 2, "missing_branches": 4, "percent_branches_covered": 33.333333333333336, "percent_branches_covered_display": "33"}, "missing_lines": [39, 40, 52, 65, 66, 67, 68], "excluded_lines": [], "start_line": 1, "executed_branches": [[22, 23], [22, 27]], "missing_branches": [[65, 66], [65, 68], [66, 65], [66, 67]]}}}, "src/rasen/exceptions.py": {"executed_lines": [3, 5, 11, 15, 19, 23, 27, 31, 35, 39, 43, 46, 47, 48], "summary": {"covered_lines": 14, "num_statements": 14, "percent_covered": 100.0, "percent_covered_display": "100", "missing_lines": 0, "excluded_lines": 2, "percent_statements_covered": 100.0, "percent_statements_covered_display": "100", "num_branches": 0, "num_partial_branches": 0, "covered_branches": 0, "missing_branches": 0, "percent_branches_covered": 100.0, "percent_branches_covered_display": "100"}, "missing_lines": [], "excluded_lines": [7, 8], "executed_branches": [], "missing_branches": [], "functions": {"StallDetectedError.__init__": {"executed_lines": [47, 48], "summary": {"covered_lines": 2, "num_statements": 2, "percent_covered": 100.0, "percent_covered_display": "100", "missing_lines": 0, "excluded_lines": 0, "percent_statements_covered": 100.0, "percent_statements_covered_display": "100", "num_branches": 0, "num_partial_branches": 0, "covered_branches": 0, "missing_branches": 0, "percent_branches_covered": 100.0, "percent_branches_covered_display": "100"}, "missing_lines": [], "excluded_lines": [], "start_line": 46, "executed_branches": [], "missing_branches": []}, "": {"executed_lines": [3, 5, 11, 15, 19, 23, 27, 31, 35, 39, 43, 46], "summary": {"covered_lines": 12, "num_statements": 12, "percent_covered": 100.0, "percent_covered_display": "100", "missing_lines": 0, "excluded_lines": 2, "percent_statements_covered": 100.0, "percent_statements_covered_display": "100", "num_branches": 0, "num_partial_branches": 0, "covered_branches": 0, "missing_branches": 0, "percent_branches_covered": 100.0, "percent_branches_covered_display": "100"}, "missing_lines": [], "excluded_lines": [7, 8], "start_line": 1, "executed_branches": [], "missing_branches": []}}, "classes": {"RasenError": {"executed_lines": [], "summary": {"covered_lines": 0, "num_statements": 0, "percent_covered": 100.0, "percent_covered_display": "100", "missing_lines": 0, "excluded_lines": 0, "percent_statements_covered": 100.0, "percent_statements_covered_display": "100", "num_branches": 0, "num_partial_branches": 0, "covered_branches": 0, "missing_branches": 0, "percent_branches_covered": 100.0, "percent_branches_covered_display": "100"}, "missing_lines": [], "excluded_lines": [], "start_line": 11, "executed_branches": [], "missing_branches": []}, "ConfigurationError": {"executed_lines": [], "summary": {"covered_lines": 0, "num_statements": 0, "percent_covered": 100.0, "percent_covered_display": "100", "missing_lines": 0, "excluded_lines": 0, "percent_statements_covered": 100.0, "percent_statements_covered_display": "100", "num_branches": 0, "num_partial_branches": 0, "covered_branches": 0, "missing_branches": 0, "percent_branches_covered": 100.0, "percent_branches_covered_display": "100"}, "missing_lines": [], "excluded_lines": [], "start_line": 15, "executed_branches": [], "missing_branches": []}, "SessionError": {"executed_lines": [], "summary": {"covered_lines": 0, "num_statements": 0, "percent_covered": 100.0, "percent_covered_display": "100", "missing_lines": 0, "excluded_lines": 0, "percent_statements_covered": 100.0, "percent_statements_covered_display": "100", "num_branches": 0, "num_partial_branches": 0, "covered_branches": 0, "missing_branches": 0, "percent_branches_covered": 100.0, "percent_branches_covered_display": "100"}, "missing_lines": [], "excluded_lines": [], "start_line": 19, "executed_branches": [], "missing_branches": []}, "SessionTimeoutError": {"executed_lines": [], "summary": {"covered_lines": 0, "num_statements": 0, "percent_covered": 100.0, "percent_covered_display": "100", "missing_lines": 0, "excluded_lines": 0, "percent_statements_covered": 100.0, "percent_statements_covered_display": "100", "num_branches": 0, "num_partial_branches": 0, "covered_branches": 0, "missing_branches": 0, "percent_branches_covered": 100.0, "percent_branches_covered_display": "100"}, "missing_lines": [], "excluded_lines": [], "start_line": 23, "executed_branches": [], "missing_branches": []}, "IdleTimeoutError": {"executed_lines": [], "summary": {"covered_lines": 0, "num_statements": 0, "percent_covered": 100.0, "percent_covered_display": "100", "missing_lines": 0, "excluded_lines": 0, "percent_statements_covered": 100.0, "percent_statements_covered_display": "100", "num_branches": 0, "num_partial_branches": 0, "covered_branches": 0, "missing_branches": 0, "percent_branches_covered": 100.0, "percent_branches_covered_display": "100"}, "missing_lines": [], "excluded_lines": [], "start_line": 27, "executed_branches": [], "missing_branches": []}, "ValidationError": {"executed_lines": [], "summary": {"covered_lines": 0, "num_statements": 0, "percent_covered": 100.0, "percent_covered_display": "100", "missing_lines": 0, "excluded_lines": 0, "percent_statements_covered": 100.0, "percent_statements_covered_display": "100", "num_branches": 0, "num_partial_branches": 0, "covered_branches": 0, "missing_branches": 0, "percent_branches_covered": 100.0, "percent_branches_covered_display": "100"}, "missing_lines": [], "excluded_lines": [], "start_line": 31, "executed_branches": [], "missing_branches": []}, "GitError": {"executed_lines": [], "summary": {"covered_lines": 0, "num_statements": 0, "percent_covered": 100.0, "percent_covered_display": "100", "missing_lines": 0, "excluded_lines": 0, "percent_statements_covered": 100.0, "percent_statements_covered_display": "100", "num_branches": 0, "num_partial_branches": 0, "covered_branches": 0, "missing_branches": 0, "percent_branches_covered": 100.0, "percent_branches_covered_display": "100"}, "missing_lines": [], "excluded_lines": [], "start_line": 35, "executed_branches": [], "missing_branches": []}, "StoreError": {"executed_lines": [], "summary": {"covered_lines": 0, "num_statements": 0, "percent_covered": 100.0, "percent_covered_display": "100", "missing_lines": 0, "excluded_lines": 0, "percent_statements_covered": 100.0, "percent_statements_covered_display": "100", "num_branches": 0, "num_partial_branches": 0, "covered_branches": 0, "missing_branches": 0, "percent_branches_covered": 100.0, "percent_branches_covered_display": "100"}, "missing_lines": [], "excluded_lines": [], "start_line": 39, "executed_branches": [], "missing_branches": []}, "StallDetectedError": {"executed_lines": [47, 48], "summary": {"covered_lines": 2, "num_statements": 2, "percent_covered": 100.0, "percent_covered_display": "100", "missing_lines": 0, "excluded_lines": 0, "percent_statements_covered": 100.0, "percent_statements_covered_display": "100", "num_branches": 0, "num_partial_branches": 0, "covered_branches": 0, "missing_branches": 0, "percent_branches_covered": 100.0, "percent_branches_covered_display": "100"}, "missing_lines": [], "excluded_lines": [], "start_line": 43, "executed_branches": [], "missing_branches": []}, "": {"executed_lines": [3, 5, 11, 15, 19, 23, 27, 31, 35, 39, 43, 46], "summary": {"covered_lines": 12, "num_statements": 12, "percent_covered": 100.0, "percent_covered_display": "100", "missing_lines": 0, "excluded_lines": 2, "percent_statements_covered": 100.0, "percent_statements_covered_display": "100", "num_branches": 0, "num_partial_branches": 0, "covered_branches": 0, "missing_branches": 0, "percent_branches_covered": 100.0, "percent_branches_covered_display": "100"}, "missing_lines": [], "excluded_lines": [7, 8], "start_line": 1, "executed_branches": [], "missing_branches": []}}}, "src/rasen/git.py": {"executed_lines": [3, 5, 6, 8, 11, 23, 24, 31, 32, 33, 38, 51, 52, 59, 66, 79, 80, 87, 92, 101, 102, 108, 109, 110, 113, 125, 126, 133, 138, 150, 151, 158], "summary": {"covered_lines": 32, "num_statements": 44, "percent_covered": 72.72727272727273, "percent_covered_display": "73", "missing_lines": 12, "excluded_lines": 0, "percent_statements_covered": 72.72727272727273, "percent_statements_covered_display": "73", "num_branches": 0, "num_partial_branches": 0, "covered_branches": 0, "missing_branches": 0, "percent_branches_covered": 100.0, "percent_branches_covered_display": "100"}, "missing_lines": [34, 35, 60, 61, 62, 63, 88, 89, 134, 135, 159, 160], "excluded_lines": [], "executed_branches": [], "missing_branches": [], "functions": {"get_current_commit": {"executed_lines": [23, 24, 31, 32, 33], "summary": {"covered_lines": 5, "num_statements": 7, "percent_covered": 71.42857142857143, "percent_covered_display": "71", "missing_lines": 2, "excluded_lines": 0, "percent_statements_covered": 71.42857142857143, "percent_statements_covered_display": "71", "num_branches": 0, "num_partial_branches": 0, "covered_branches": 0, "missing_branches": 0, "percent_branches_covered": 100.0, "percent_branches_covered_display": "100"}, "missing_lines": [34, 35], "excluded_lines": [], "start_line": 11, "executed_branches": [], "missing_branches": []}, "count_new_commits": {"executed_lines": [51, 52, 59], "summary": {"covered_lines": 3, "num_statements": 7, "percent_covered": 42.857142857142854, "percent_covered_display": "43", "missing_lines": 4, "excluded_lines": 0, "percent_statements_covered": 42.857142857142854, "percent_statements_covered_display": "43", "num_branches": 0, "num_partial_branches": 0, "covered_branches": 0, "missing_branches": 0, "percent_branches_covered": 100.0, "percent_branches_covered_display": "100"}, "missing_lines": [60, 61, 62, 63], "excluded_lines": [], "start_line": 38, "executed_branches": [], "missing_branches": []}, "get_git_diff": {"executed_lines": [79, 80, 87], "summary": {"covered_lines": 3, "num_statements": 5, "percent_covered": 60.0, "percent_covered_display": "60", "missing_lines": 2, "excluded_lines": 0, "percent_statements_covered": 60.0, "percent_statements_covered_display": "60", "num_branches": 0, "num_partial_branches": 0, "covered_branches": 0, "missing_branches": 0, "percent_branches_covered": 100.0, "percent_branches_covered_display": "100"}, "missing_lines": [88, 89], "excluded_lines": [], "start_line": 66, "executed_branches": [], "missing_branches": []}, "is_git_repo": {"executed_lines": [101, 102, 108, 109, 110], "summary": {"covered_lines": 5, "num_statements": 5, "percent_covered": 100.0, "percent_covered_display": "100", "missing_lines": 0, "excluded_lines": 0, "percent_statements_covered": 100.0, "percent_statements_covered_display": "100", "num_branches": 0, "num_partial_branches": 0, "covered_branches": 0, "missing_branches": 0, "percent_branches_covered": 100.0, "percent_branches_covered_display": "100"}, "missing_lines": [], "excluded_lines": [], "start_line": 92, "executed_branches": [], "missing_branches": []}, "has_uncommitted_changes": {"executed_lines": [125, 126, 133], "summary": {"covered_lines": 3, "num_statements": 5, "percent_covered": 60.0, "percent_covered_display": "60", "missing_lines": 2, "excluded_lines": 0, "percent_statements_covered": 60.0, "percent_statements_covered_display": "60", "num_branches": 0, "num_partial_branches": 0, "covered_branches": 0, "missing_branches": 0, "percent_branches_covered": 100.0, "percent_branches_covered_display": "100"}, "missing_lines": [134, 135], "excluded_lines": [], "start_line": 113, "executed_branches": [], "missing_branches": []}, "get_last_commit_message": {"executed_lines": [150, 151, 158], "summary": {"covered_lines": 3, "num_statements": 5, "percent_covered": 60.0, "percent_covered_display": "60", "missing_lines": 2, "excluded_lines": 0, "percent_statements_covered": 60.0, "percent_statements_covered_display": "60", "num_branches": 0, "num_partial_branches": 0, "covered_branches": 0, "missing_branches": 0, "percent_branches_covered": 100.0, "percent_branches_covered_display": "100"}, "missing_lines": [159, 160], "excluded_lines": [], "start_line": 138, "executed_branches": [], "missing_branches": []}, "": {"executed_lines": [3, 5, 6, 8, 11, 38, 66, 92, 113, 138], "summary": {"covered_lines": 10, "num_statements": 10, "percent_covered": 100.0, "percent_covered_display": "100", "missing_lines": 0, "excluded_lines": 0, "percent_statements_covered": 100.0, "percent_statements_covered_display": "100", "num_branches": 0, "num_partial_branches": 0, "covered_branches": 0, "missing_branches": 0, "percent_branches_covered": 100.0, "percent_branches_covered_display": "100"}, "missing_lines": [], "excluded_lines": [], "start_line": 1, "executed_branches": [], "missing_branches": []}}, "classes": {"": {"executed_lines": [3, 5, 6, 8, 11, 23, 24, 31, 32, 33, 38, 51, 52, 59, 66, 79, 80, 87, 92, 101, 102, 108, 109, 110, 113, 125, 126, 133, 138, 150, 151, 158], "summary": {"covered_lines": 32, "num_statements": 44, "percent_covered": 72.72727272727273, "percent_covered_display": "73", "missing_lines": 12, "excluded_lines": 0, "percent_statements_covered": 72.72727272727273, "percent_statements_covered_display": "73", "num_branches": 0, "num_partial_branches": 0, "covered_branches": 0, "missing_branches": 0, "percent_branches_covered": 100.0, "percent_branches_covered_display": "100"}, "missing_lines": [34, 35, 60, 61, 62, 63, 88, 89, 134, 135, 159, 160], "excluded_lines": [], "start_line": 1, "executed_branches": [], "missing_branches": []}}}, "src/rasen/logging.py": {"executed_lines": [3, 4, 5, 8, 47], "summary": {"covered_lines": 5, "num_statements": 22, "percent_covered": 20.833333333333332, "percent_covered_display": "21", "missing_lines": 17, "excluded_lines": 0, "percent_statements_covered": 22.727272727272727, "percent_statements_covered_display": "23", "num_branches": 2, "num_partial_branches": 0, "covered_branches": 0, "missing_branches": 2, "percent_branches_covered": 0.0, "percent_branches_covered_display": "0"}, "missing_lines": [18, 19, 20, 23, 24, 25, 29, 30, 33, 34, 35, 36, 37, 41, 42, 44, 56], "excluded_lines": [], "executed_branches": [], "missing_branches": [[33, 34], [33, 44]], "functions": {"setup_logging": {"executed_lines": [], "summary": {"covered_lines": 0, "num_statements": 16, "percent_covered": 0.0, "percent_covered_display": "0", "missing_lines": 16, "excluded_lines": 0, "percent_statements_covered": 0.0, "percent_statements_covered_display": "0", "num_branches": 2, "num_partial_branches": 0, "covered_branches": 0, "missing_branches": 2, "percent_branches_covered": 0.0, "percent_branches_covered_display": "0"}, "missing_lines": [18, 19, 20, 23, 24, 25, 29, 30, 33, 34, 35, 36, 37, 41, 42, 44], "excluded_lines": [], "start_line": 8, "executed_branches": [], "missing_branches": [[33, 34], [33, 44]]}, "get_logger": {"executed_lines": [], "summary": {"covered_lines": 0, "num_statements": 1, "percent_covered": 0.0, "percent_covered_display": "0", "missing_lines": 1, "excluded_lines": 0, "percent_statements_covered": 0.0, "percent_statements_covered_display": "0", "num_branches": 0, "num_partial_branches": 0, "covered_branches": 0, "missing_branches": 0, "percent_branches_covered": 100.0, "percent_branches_covered_display": "100"}, "missing_lines": [56], "excluded_lines": [], "start_line": 47, "executed_branches": [], "missing_branches": []}, "": {"executed_lines": [3, 4, 5, 8, 47], "summary": {"covered_lines": 5, "num_statements": 5, "percent_covered": 100.0, "percent_covered_display": "100", "missing_lines": 0, "excluded_lines": 0, "percent_statements_covered": 100.0, "percent_statements_covered_display": "100", "num_branches": 0, "num_partial_branches": 0, "covered_branches": 0, "missing_branches": 0, "percent_branches_covered": 100.0, "percent_branches_covered_display": "100"}, "missing_lines": [], "excluded_lines": [], "start_line": 1, "executed_branches": [], "missing_branches": []}}, "classes": {"": {"executed_lines": [3, 4, 5, 8, 47], "summary": {"covered_lines": 5, "num_statements": 22, "percent_covered": 20.833333333333332, "percent_covered_display": "21", "missing_lines": 17, "excluded_lines": 0, "percent_statements_covered": 22.727272727272727, "percent_statements_covered_display": "23", "num_branches": 2, "num_partial_branches": 0, "covered_branches": 0, "missing_branches": 2, "percent_branches_covered": 0.0, "percent_branches_covered_display": "0"}, "missing_lines": [18, 19, 20, 23, 24, 25, 29, 30, 33, 34, 35, 36, 37, 41, 42, 44, 56], "excluded_lines": [], "start_line": 1, "executed_branches": [], "missing_branches": [[33, 34], [33, 44]]}}}, "src/rasen/loop.py": {"executed_lines": [], "summary": {"covered_lines": 0, "num_statements": 138, "percent_covered": 0.0, "percent_covered_display": "0", "missing_lines": 138, "excluded_lines": 0, "percent_statements_covered": 0.0, "percent_statements_covered_display": "0", "num_branches": 32, "num_partial_branches": 0, "covered_branches": 0, "missing_branches": 32, "percent_branches_covered": 0.0, "percent_branches_covered_display": "0"}, "missing_lines": [3, 5, 6, 7, 9, 10, 11, 12, 13, 14, 15, 21, 22, 23, 24, 25, 26, 27, 28, 30, 33, 36, 44, 45, 46, 47, 50, 51, 52, 53, 56, 57, 58, 60, 66, 68, 70, 71, 74, 75, 77, 79, 80, 81, 89, 90, 91, 92, 95, 96, 99, 102, 103, 106, 107, 109, 110, 113, 114, 117, 118, 121, 125, 129, 131, 132, 135, 137, 139, 140, 141, 142, 146, 147, 148, 151, 155, 156, 158, 161, 162, 163, 164, 165, 167, 170, 174, 179, 180, 181, 184, 187, 189, 190, 191, 192, 193, 194, 195, 196, 198, 209, 210, 211, 213, 214, 215, 219, 230, 231, 234, 235, 236, 242, 246, 247, 248, 250, 251, 253, 261, 263, 264, 265, 266, 267, 268, 270, 272, 273, 274, 275, 276, 277, 279, 281, 282, 292], "excluded_lines": [], "executed_branches": [], "missing_branches": [[70, 71], [70, 187], [75, 77], [75, 99], [80, 81], [80, 95], [89, 90], [89, 95], [117, 118], [117, 131], [121, 125], [121, 135], [135, 137], [135, 162], [137, 139], [137, 158], [140, 141], [140, 146], [146, 147], [146, 155], [162, 163], [162, 167], [170, 174], [170, 184], [214, 215], [214, 219], [246, 247], [246, 250], [263, 264], [263, 268], [272, 273], [272, 274]], "functions": {"OrchestrationLoop.__init__": {"executed_lines": [], "summary": {"covered_lines": 0, "num_statements": 11, "percent_covered": 0.0, "percent_covered_display": "0", "missing_lines": 11, "excluded_lines": 0, "percent_statements_covered": 0.0, "percent_statements_covered_display": "0", "num_branches": 0, "num_partial_branches": 0, "covered_branches": 0, "missing_branches": 0, "percent_branches_covered": 100.0, "percent_branches_covered_display": "100"}, "missing_lines": [44, 45, 46, 47, 50, 51, 52, 53, 56, 57, 58], "excluded_lines": [], "start_line": 36, "executed_branches": [], "missing_branches": []}, "OrchestrationLoop.run": {"executed_lines": [], "summary": {"covered_lines": 0, "num_statements": 66, "percent_covered": 0.0, "percent_covered_display": "0", "missing_lines": 66, "excluded_lines": 0, "percent_statements_covered": 0.0, "percent_statements_covered_display": "0", "num_branches": 24, "num_partial_branches": 0, "covered_branches": 0, "missing_branches": 24, "percent_branches_covered": 0.0, "percent_branches_covered_display": "0"}, "missing_lines": [66, 68, 70, 71, 74, 75, 77, 79, 80, 81, 89, 90, 91, 92, 95, 96, 99, 102, 103, 106, 107, 109, 110, 113, 114, 117, 118, 121, 125, 129, 131, 132, 135, 137, 139, 140, 141, 142, 146, 147, 148, 151, 155, 156, 158, 161, 162, 163, 164, 165, 167, 170, 174, 179, 180, 181, 184, 187, 189, 190, 191, 192, 193, 194, 195, 196], "excluded_lines": [], "start_line": 60, "executed_branches": [], "missing_branches": [[70, 71], [70, 187], [75, 77], [75, 99], [80, 81], [80, 95], [89, 90], [89, 95], [117, 118], [117, 131], [121, 125], [121, 135], [135, 137], [135, 162], [137, 139], [137, 158], [140, 141], [140, 146], [146, 147], [146, 155], [162, 163], [162, 167], [170, 174], [170, 184]]}, "OrchestrationLoop._run_session": {"executed_lines": [], "summary": {"covered_lines": 0, "num_statements": 19, "percent_covered": 0.0, "percent_covered_display": "0", "missing_lines": 19, "excluded_lines": 0, "percent_statements_covered": 0.0, "percent_statements_covered_display": "0", "num_branches": 4, "num_partial_branches": 0, "covered_branches": 0, "missing_branches": 4, "percent_branches_covered": 0.0, "percent_branches_covered_display": "0"}, "missing_lines": [209, 210, 211, 213, 214, 215, 219, 230, 231, 234, 235, 236, 242, 246, 247, 248, 250, 251, 253], "excluded_lines": [], "start_line": 198, "executed_branches": [], "missing_branches": [[214, 215], [214, 219], [246, 247], [246, 250]]}, "OrchestrationLoop._get_commit_hash": {"executed_lines": [], "summary": {"covered_lines": 0, "num_statements": 6, "percent_covered": 0.0, "percent_covered_display": "0", "missing_lines": 6, "excluded_lines": 0, "percent_statements_covered": 0.0, "percent_statements_covered_display": "0", "num_branches": 2, "num_partial_branches": 0, "covered_branches": 0, "missing_branches": 2, "percent_branches_covered": 0.0, "percent_branches_covered_display": "0"}, "missing_lines": [263, 264, 265, 266, 267, 268], "excluded_lines": [], "start_line": 261, "executed_branches": [], "missing_branches": [[263, 264], [263, 268]]}, "OrchestrationLoop._count_commits_since": {"executed_lines": [], "summary": {"covered_lines": 0, "num_statements": 6, "percent_covered": 0.0, "percent_covered_display": "0", "missing_lines": 6, "excluded_lines": 0, "percent_statements_covered": 0.0, "percent_statements_covered_display": "0", "num_branches": 2, "num_partial_branches": 0, "covered_branches": 0, "missing_branches": 2, "percent_branches_covered": 0.0, "percent_branches_covered_display": "0"}, "missing_lines": [272, 273, 274, 275, 276, 277], "excluded_lines": [], "start_line": 270, "executed_branches": [], "missing_branches": [[272, 273], [272, 274]]}, "OrchestrationLoop._update_status": {"executed_lines": [], "summary": {"covered_lines": 0, "num_statements": 3, "percent_covered": 0.0, "percent_covered_display": "0", "missing_lines": 3, "excluded_lines": 0, "percent_statements_covered": 0.0, "percent_statements_covered_display": "0", "num_branches": 0, "num_partial_branches": 0, "covered_branches": 0, "missing_branches": 0, "percent_branches_covered": 100.0, "percent_branches_covered_display": "100"}, "missing_lines": [281, 282, 292], "excluded_lines": [], "start_line": 279, "executed_branches": [], "missing_branches": []}, "": {"executed_lines": [], "summary": {"covered_lines": 0, "num_statements": 27, "percent_covered": 0.0, "percent_covered_display": "0", "missing_lines": 27, "excluded_lines": 0, "percent_statements_covered": 0.0, "percent_statements_covered_display": "0", "num_branches": 0, "num_partial_branches": 0, "covered_branches": 0, "missing_branches": 0, "percent_branches_covered": 100.0, "percent_branches_covered_display": "100"}, "missing_lines": [3, 5, 6, 7, 9, 10, 11, 12, 13, 14, 15, 21, 22, 23, 24, 25, 26, 27, 28, 30, 33, 36, 60, 198, 261, 270, 279], "excluded_lines": [], "start_line": 1, "executed_branches": [], "missing_branches": []}}, "classes": {"OrchestrationLoop": {"executed_lines": [], "summary": {"covered_lines": 0, "num_statements": 111, "percent_covered": 0.0, "percent_covered_display": "0", "missing_lines": 111, "excluded_lines": 0, "percent_statements_covered": 0.0, "percent_statements_covered_display": "0", "num_branches": 32, "num_partial_branches": 0, "covered_branches": 0, "missing_branches": 32, "percent_branches_covered": 0.0, "percent_branches_covered_display": "0"}, "missing_lines": [44, 45, 46, 47, 50, 51, 52, 53, 56, 57, 58, 66, 68, 70, 71, 74, 75, 77, 79, 80, 81, 89, 90, 91, 92, 95, 96, 99, 102, 103, 106, 107, 109, 110, 113, 114, 117, 118, 121, 125, 129, 131, 132, 135, 137, 139, 140, 141, 142, 146, 147, 148, 151, 155, 156, 158, 161, 162, 163, 164, 165, 167, 170, 174, 179, 180, 181, 184, 187, 189, 190, 191, 192, 193, 194, 195, 196, 209, 210, 211, 213, 214, 215, 219, 230, 231, 234, 235, 236, 242, 246, 247, 248, 250, 251, 253, 263, 264, 265, 266, 267, 268, 272, 273, 274, 275, 276, 277, 281, 282, 292], "excluded_lines": [], "start_line": 33, "executed_branches": [], "missing_branches": [[70, 71], [70, 187], [75, 77], [75, 99], [80, 81], [80, 95], [89, 90], [89, 95], [117, 118], [117, 131], [121, 125], [121, 135], [135, 137], [135, 162], [137, 139], [137, 158], [140, 141], [140, 146], [146, 147], [146, 155], [162, 163], [162, 167], [170, 174], [170, 184], [214, 215], [214, 219], [246, 247], [246, 250], [263, 264], [263, 268], [272, 273], [272, 274]]}, "": {"executed_lines": [], "summary": {"covered_lines": 0, "num_statements": 27, "percent_covered": 0.0, "percent_covered_display": "0", "missing_lines": 27, "excluded_lines": 0, "percent_statements_covered": 0.0, "percent_statements_covered_display": "0", "num_branches": 0, "num_partial_branches": 0, "covered_branches": 0, "missing_branches": 0, "percent_branches_covered": 100.0, "percent_branches_covered_display": "100"}, "missing_lines": [3, 5, 6, 7, 9, 10, 11, 12, 13, 14, 15, 21, 22, 23, 24, 25, 26, 27, 28, 30, 33, 36, 60, 198, 261, 270, 279], "excluded_lines": [], "start_line": 1, "executed_branches": [], "missing_branches": []}}}, "src/rasen/models.py": {"executed_lines": [3, 5, 6, 8, 11, 14, 15, 16, 17, 18, 19, 20, 21, 22, 25, 28, 29, 30, 31, 32, 35, 38, 39, 40, 41, 44, 47, 48, 49, 50, 51, 54, 57, 58, 59, 60, 63, 66, 67, 68, 69, 70, 71, 74, 77, 78, 81, 84, 85, 86, 87, 88, 91, 94, 95, 96, 97, 98, 99], "summary": {"covered_lines": 59, "num_statements": 59, "percent_covered": 100.0, "percent_covered_display": "100", "missing_lines": 0, "excluded_lines": 0, "percent_statements_covered": 100.0, "percent_statements_covered_display": "100", "num_branches": 0, "num_partial_branches": 0, "covered_branches": 0, "missing_branches": 0, "percent_branches_covered": 100.0, "percent_branches_covered_display": "100"}, "missing_lines": [], "excluded_lines": [], "executed_branches": [], "missing_branches": [], "functions": {"": {"executed_lines": [3, 5, 6, 8, 11, 14, 15, 16, 17, 18, 19, 20, 21, 22, 25, 28, 29, 30, 31, 32, 35, 38, 39, 40, 41, 44, 47, 48, 49, 50, 51, 54, 57, 58, 59, 60, 63, 66, 67, 68, 69, 70, 71, 74, 77, 78, 81, 84, 85, 86, 87, 88, 91, 94, 95, 96, 97, 98, 99], "summary": {"covered_lines": 59, "num_statements": 59, "percent_covered": 100.0, "percent_covered_display": "100", "missing_lines": 0, "excluded_lines": 0, "percent_statements_covered": 100.0, "percent_statements_covered_display": "100", "num_branches": 0, "num_partial_branches": 0, "covered_branches": 0, "missing_branches": 0, "percent_branches_covered": 100.0, "percent_branches_covered_display": "100"}, "missing_lines": [], "excluded_lines": [], "start_line": 1, "executed_branches": [], "missing_branches": []}}, "classes": {"TerminationReason": {"executed_lines": [], "summary": {"covered_lines": 0, "num_statements": 0, "percent_covered": 100.0, "percent_covered_display": "100", "missing_lines": 0, "excluded_lines": 0, "percent_statements_covered": 100.0, "percent_statements_covered_display": "100", "num_branches": 0, "num_partial_branches": 0, "covered_branches": 0, "missing_branches": 0, "percent_branches_covered": 100.0, "percent_branches_covered_display": "100"}, "missing_lines": [], "excluded_lines": [], "start_line": 11, "executed_branches": [], "missing_branches": []}, "SessionStatus": {"executed_lines": [], "summary": {"covered_lines": 0, "num_statements": 0, "percent_covered": 100.0, "percent_covered_display": "100", "missing_lines": 0, "excluded_lines": 0, "percent_statements_covered": 100.0, "percent_statements_covered_display": "100", "num_branches": 0, "num_partial_branches": 0, "covered_branches": 0, "missing_branches": 0, "percent_branches_covered": 100.0, "percent_branches_covered_display": "100"}, "missing_lines": [], "excluded_lines": [], "start_line": 25, "executed_branches": [], "missing_branches": []}, "SubtaskStatus": {"executed_lines": [], "summary": {"covered_lines": 0, "num_statements": 0, "percent_covered": 100.0, "percent_covered_display": "100", "missing_lines": 0, "excluded_lines": 0, "percent_statements_covered": 100.0, "percent_statements_covered_display": "100", "num_branches": 0, "num_partial_branches": 0, "covered_branches": 0, "missing_branches": 0, "percent_branches_covered": 100.0, "percent_branches_covered_display": "100"}, "missing_lines": [], "excluded_lines": [], "start_line": 35, "executed_branches": [], "missing_branches": []}, "Subtask": {"executed_lines": [], "summary": {"covered_lines": 0, "num_statements": 0, "percent_covered": 100.0, "percent_covered_display": "100", "missing_lines": 0, "excluded_lines": 0, "percent_statements_covered": 100.0, "percent_statements_covered_display": "100", "num_branches": 0, "num_partial_branches": 0, "covered_branches": 0, "missing_branches": 0, "percent_branches_covered": 100.0, "percent_branches_covered_display": "100"}, "missing_lines": [], "excluded_lines": [], "start_line": 44, "executed_branches": [], "missing_branches": []}, "ImplementationPlan": {"executed_lines": [], "summary": {"covered_lines": 0, "num_statements": 0, "percent_covered": 100.0, "percent_covered_display": "100", "missing_lines": 0, "excluded_lines": 0, "percent_statements_covered": 100.0, "percent_statements_covered_display": "100", "num_branches": 0, "num_partial_branches": 0, "covered_branches": 0, "missing_branches": 0, "percent_branches_covered": 100.0, "percent_branches_covered_display": "100"}, "missing_lines": [], "excluded_lines": [], "start_line": 54, "executed_branches": [], "missing_branches": []}, "AttemptRecord": {"executed_lines": [], "summary": {"covered_lines": 0, "num_statements": 0, "percent_covered": 100.0, "percent_covered_display": "100", "missing_lines": 0, "excluded_lines": 0, "percent_statements_covered": 100.0, "percent_statements_covered_display": "100", "num_branches": 0, "num_partial_branches": 0, "covered_branches": 0, "missing_branches": 0, "percent_branches_covered": 100.0, "percent_branches_covered_display": "100"}, "missing_lines": [], "excluded_lines": [], "start_line": 63, "executed_branches": [], "missing_branches": []}, "Event": {"executed_lines": [], "summary": {"covered_lines": 0, "num_statements": 0, "percent_covered": 100.0, "percent_covered_display": "100", "missing_lines": 0, "excluded_lines": 0, "percent_statements_covered": 100.0, "percent_statements_covered_display": "100", "num_branches": 0, "num_partial_branches": 0, "covered_branches": 0, "missing_branches": 0, "percent_branches_covered": 100.0, "percent_branches_covered_display": "100"}, "missing_lines": [], "excluded_lines": [], "start_line": 74, "executed_branches": [], "missing_branches": []}, "SessionResult": {"executed_lines": [], "summary": {"covered_lines": 0, "num_statements": 0, "percent_covered": 100.0, "percent_covered_display": "100", "missing_lines": 0, "excluded_lines": 0, "percent_statements_covered": 100.0, "percent_statements_covered_display": "100", "num_branches": 0, "num_partial_branches": 0, "covered_branches": 0, "missing_branches": 0, "percent_branches_covered": 100.0, "percent_branches_covered_display": "100"}, "missing_lines": [], "excluded_lines": [], "start_line": 81, "executed_branches": [], "missing_branches": []}, "LoopState": {"executed_lines": [], "summary": {"covered_lines": 0, "num_statements": 0, "percent_covered": 100.0, "percent_covered_display": "100", "missing_lines": 0, "excluded_lines": 0, "percent_statements_covered": 100.0, "percent_statements_covered_display": "100", "num_branches": 0, "num_partial_branches": 0, "covered_branches": 0, "missing_branches": 0, "percent_branches_covered": 100.0, "percent_branches_covered_display": "100"}, "missing_lines": [], "excluded_lines": [], "start_line": 91, "executed_branches": [], "missing_branches": []}, "": {"executed_lines": [3, 5, 6, 8, 11, 14, 15, 16, 17, 18, 19, 20, 21, 22, 25, 28, 29, 30, 31, 32, 35, 38, 39, 40, 41, 44, 47, 48, 49, 50, 51, 54, 57, 58, 59, 60, 63, 66, 67, 68, 69, 70, 71, 74, 77, 78, 81, 84, 85, 86, 87, 88, 91, 94, 95, 96, 97, 98, 99], "summary": {"covered_lines": 59, "num_statements": 59, "percent_covered": 100.0, "percent_covered_display": "100", "missing_lines": 0, "excluded_lines": 0, "percent_statements_covered": 100.0, "percent_statements_covered_display": "100", "num_branches": 0, "num_partial_branches": 0, "covered_branches": 0, "missing_branches": 0, "percent_branches_covered": 100.0, "percent_branches_covered_display": "100"}, "missing_lines": [], "excluded_lines": [], "start_line": 1, "executed_branches": [], "missing_branches": []}}}, "src/rasen/prompts.py": {"executed_lines": [], "summary": {"covered_lines": 0, "num_statements": 16, "percent_covered": 0.0, "percent_covered_display": "0", "missing_lines": 16, "excluded_lines": 0, "percent_statements_covered": 0.0, "percent_statements_covered_display": "0", "num_branches": 4, "num_partial_branches": 0, "covered_branches": 0, "missing_branches": 4, "percent_branches_covered": 0.0, "percent_branches_covered_display": "0"}, "missing_lines": [3, 5, 7, 8, 11, 27, 28, 30, 33, 34, 35, 37, 40, 58, 59, 61], "excluded_lines": [], "executed_branches": [], "missing_branches": [[27, 28], [27, 30], [33, 34], [33, 37]], "functions": {"render_prompt": {"executed_lines": [], "summary": {"covered_lines": 0, "num_statements": 7, "percent_covered": 0.0, "percent_covered_display": "0", "missing_lines": 7, "excluded_lines": 0, "percent_statements_covered": 0.0, "percent_statements_covered_display": "0", "num_branches": 4, "num_partial_branches": 0, "covered_branches": 0, "missing_branches": 4, "percent_branches_covered": 0.0, "percent_branches_covered_display": "0"}, "missing_lines": [27, 28, 30, 33, 34, 35, 37], "excluded_lines": [], "start_line": 11, "executed_branches": [], "missing_branches": [[27, 28], [27, 30], [33, 34], [33, 37]]}, "create_agent_prompt": {"executed_lines": [], "summary": {"covered_lines": 0, "num_statements": 3, "percent_covered": 0.0, "percent_covered_display": "0", "missing_lines": 3, "excluded_lines": 0, "percent_statements_covered": 0.0, "percent_statements_covered_display": "0", "num_branches": 0, "num_partial_branches": 0, "covered_branches": 0, "missing_branches": 0, "percent_branches_covered": 100.0, "percent_branches_covered_display": "100"}, "missing_lines": [58, 59, 61], "excluded_lines": [], "start_line": 40, "executed_branches": [], "missing_branches": []}, "": {"executed_lines": [], "summary": {"covered_lines": 0, "num_statements": 6, "percent_covered": 0.0, "percent_covered_display": "0", "missing_lines": 6, "excluded_lines": 0, "percent_statements_covered": 0.0, "percent_statements_covered_display": "0", "num_branches": 0, "num_partial_branches": 0, "covered_branches": 0, "missing_branches": 0, "percent_branches_covered": 100.0, "percent_branches_covered_display": "100"}, "missing_lines": [3, 5, 7, 8, 11, 40], "excluded_lines": [], "start_line": 1, "executed_branches": [], "missing_branches": []}}, "classes": {"": {"executed_lines": [], "summary": {"covered_lines": 0, "num_statements": 16, "percent_covered": 0.0, "percent_covered_display": "0", "missing_lines": 16, "excluded_lines": 0, "percent_statements_covered": 0.0, "percent_statements_covered_display": "0", "num_branches": 4, "num_partial_branches": 0, "covered_branches": 0, "missing_branches": 4, "percent_branches_covered": 0.0, "percent_branches_covered_display": "0"}, "missing_lines": [3, 5, 7, 8, 11, 27, 28, 30, 33, 34, 35, 37, 40, 58, 59, 61], "excluded_lines": [], "start_line": 1, "executed_branches": [], "missing_branches": [[27, 28], [27, 30], [33, 34], [33, 37]]}}}, "src/rasen/qa.py": {"executed_lines": [], "summary": {"covered_lines": 0, "num_statements": 142, "percent_covered": 0.0, "percent_covered_display": "0", "missing_lines": 142, "excluded_lines": 0, "percent_statements_covered": 0.0, "percent_statements_covered_display": "0", "num_branches": 44, "num_partial_branches": 0, "covered_branches": 0, "missing_branches": 44, "percent_branches_covered": 0.0, "percent_branches_covered_display": "0"}, "missing_lines": [3, 5, 6, 7, 9, 11, 12, 13, 14, 15, 16, 17, 18, 20, 23, 26, 27, 30, 33, 40, 41, 44, 47, 49, 50, 52, 58, 59, 61, 62, 64, 73, 75, 84, 86, 97, 100, 128, 129, 130, 132, 133, 134, 136, 138, 139, 142, 146, 148, 149, 150, 152, 153, 154, 155, 158, 159, 160, 161, 162, 165, 166, 167, 170, 171, 172, 175, 178, 180, 183, 204, 207, 208, 209, 210, 211, 214, 215, 216, 219, 222, 232, 233, 236, 237, 240, 241, 243, 247, 250, 251, 252, 253, 255, 256, 259, 260, 263, 274, 277, 280, 291, 292, 295, 296, 297, 298, 299, 302, 312, 313, 315, 316, 317, 318, 321, 322, 323, 324, 327, 328, 330, 331, 333, 336, 346, 348, 361, 362, 363, 365, 372, 373, 374, 375, 376, 377, 378, 379, 381, 390, 391], "excluded_lines": [], "executed_branches": [], "missing_branches": [[59, -52], [59, 61], [128, 129], [128, 132], [138, 139], [138, 180], [148, 149], [148, 152], [154, 155], [154, 158], [158, 159], [158, 170], [161, 162], [161, 165], [170, 171], [170, 175], [215, 216], [215, 219], [250, 251], [250, 259], [251, 252], [251, 253], [253, 250], [253, 255], [315, 316], [315, 333], [317, 318], [317, 321], [321, 322], [321, 327], [322, 321], [322, 323], [327, 328], [327, 330], [330, 315], [330, 331], [361, 362], [361, 365], [372, 373], [372, 381], [375, 372], [375, 376], [377, 378], [377, 379]], "functions": {"QAResult.__init__": {"executed_lines": [], "summary": {"covered_lines": 0, "num_statements": 2, "percent_covered": 0.0, "percent_covered_display": "0", "missing_lines": 2, "excluded_lines": 0, "percent_statements_covered": 0.0, "percent_statements_covered_display": "0", "num_branches": 0, "num_partial_branches": 0, "covered_branches": 0, "missing_branches": 0, "percent_branches_covered": 100.0, "percent_branches_covered_display": "100"}, "missing_lines": [40, 41], "excluded_lines": [], "start_line": 33, "executed_branches": [], "missing_branches": []}, "QAHistory.__init__": {"executed_lines": [], "summary": {"covered_lines": 0, "num_statements": 2, "percent_covered": 0.0, "percent_covered_display": "0", "missing_lines": 2, "excluded_lines": 0, "percent_statements_covered": 0.0, "percent_statements_covered_display": "0", "num_branches": 0, "num_partial_branches": 0, "covered_branches": 0, "missing_branches": 0, "percent_branches_covered": 100.0, "percent_branches_covered_display": "100"}, "missing_lines": [49, 50], "excluded_lines": [], "start_line": 47, "executed_branches": [], "missing_branches": []}, "QAHistory.record": {"executed_lines": [], "summary": {"covered_lines": 0, "num_statements": 4, "percent_covered": 0.0, "percent_covered_display": "0", "missing_lines": 4, "excluded_lines": 0, "percent_statements_covered": 0.0, "percent_statements_covered_display": "0", "num_branches": 2, "num_partial_branches": 0, "covered_branches": 0, "missing_branches": 2, "percent_branches_covered": 0.0, "percent_branches_covered_display": "0"}, "missing_lines": [58, 59, 61, 62], "excluded_lines": [], "start_line": 52, "executed_branches": [], "missing_branches": [[59, -52], [59, 61]]}, "QAHistory.has_recurring_issues": {"executed_lines": [], "summary": {"covered_lines": 0, "num_statements": 1, "percent_covered": 0.0, "percent_covered_display": "0", "missing_lines": 1, "excluded_lines": 0, "percent_statements_covered": 0.0, "percent_statements_covered_display": "0", "num_branches": 0, "num_partial_branches": 0, "covered_branches": 0, "missing_branches": 0, "percent_branches_covered": 100.0, "percent_branches_covered_display": "100"}, "missing_lines": [73], "excluded_lines": [], "start_line": 64, "executed_branches": [], "missing_branches": []}, "QAHistory.get_recurring_issues": {"executed_lines": [], "summary": {"covered_lines": 0, "num_statements": 1, "percent_covered": 0.0, "percent_covered_display": "0", "missing_lines": 1, "excluded_lines": 0, "percent_statements_covered": 0.0, "percent_statements_covered_display": "0", "num_branches": 0, "num_partial_branches": 0, "covered_branches": 0, "missing_branches": 0, "percent_branches_covered": 100.0, "percent_branches_covered_display": "100"}, "missing_lines": [84], "excluded_lines": [], "start_line": 75, "executed_branches": [], "missing_branches": []}, "QAHistory._normalize_issue": {"executed_lines": [], "summary": {"covered_lines": 0, "num_statements": 1, "percent_covered": 0.0, "percent_covered_display": "0", "missing_lines": 1, "excluded_lines": 0, "percent_statements_covered": 0.0, "percent_statements_covered_display": "0", "num_branches": 0, "num_partial_branches": 0, "covered_branches": 0, "missing_branches": 0, "percent_branches_covered": 100.0, "percent_branches_covered_display": "100"}, "missing_lines": [97], "excluded_lines": [], "start_line": 86, "executed_branches": [], "missing_branches": []}, "run_qa_loop": {"executed_lines": [], "summary": {"covered_lines": 0, "num_statements": 32, "percent_covered": 0.0, "percent_covered_display": "0", "missing_lines": 32, "excluded_lines": 0, "percent_statements_covered": 0.0, "percent_statements_covered_display": "0", "num_branches": 14, "num_partial_branches": 0, "covered_branches": 0, "missing_branches": 14, "percent_branches_covered": 0.0, "percent_branches_covered_display": "0"}, "missing_lines": [128, 129, 130, 132, 133, 134, 136, 138, 139, 142, 146, 148, 149, 150, 152, 153, 154, 155, 158, 159, 160, 161, 162, 165, 166, 167, 170, 171, 172, 175, 178, 180], "excluded_lines": [], "start_line": 100, "executed_branches": [], "missing_branches": [[128, 129], [128, 132], [138, 139], [138, 180], [148, 149], [148, 152], [154, 155], [154, 158], [158, 159], [158, 170], [161, 162], [161, 165], [170, 171], [170, 175]]}, "_run_qa_session": {"executed_lines": [], "summary": {"covered_lines": 0, "num_statements": 27, "percent_covered": 0.0, "percent_covered_display": "0", "missing_lines": 27, "excluded_lines": 0, "percent_statements_covered": 0.0, "percent_statements_covered_display": "0", "num_branches": 8, "num_partial_branches": 0, "covered_branches": 0, "missing_branches": 8, "percent_branches_covered": 0.0, "percent_branches_covered_display": "0"}, "missing_lines": [204, 207, 208, 209, 210, 211, 214, 215, 216, 219, 222, 232, 233, 236, 237, 240, 241, 243, 247, 250, 251, 252, 253, 255, 256, 259, 260], "excluded_lines": [], "start_line": 183, "executed_branches": [], "missing_branches": [[215, 216], [215, 219], [250, 251], [250, 259], [251, 252], [251, 253], [253, 250], [253, 255]]}, "_run_coder_qa_fix_session": {"executed_lines": [], "summary": {"covered_lines": 0, "num_statements": 10, "percent_covered": 0.0, "percent_covered_display": "0", "missing_lines": 10, "excluded_lines": 0, "percent_statements_covered": 0.0, "percent_statements_covered_display": "0", "num_branches": 0, "num_partial_branches": 0, "covered_branches": 0, "missing_branches": 0, "percent_branches_covered": 100.0, "percent_branches_covered_display": "100"}, "missing_lines": [274, 277, 280, 291, 292, 295, 296, 297, 298, 299], "excluded_lines": [], "start_line": 263, "executed_branches": [], "missing_branches": []}, "_parse_qa_issues": {"executed_lines": [], "summary": {"covered_lines": 0, "num_statements": 15, "percent_covered": 0.0, "percent_covered_display": "0", "missing_lines": 15, "excluded_lines": 0, "percent_statements_covered": 0.0, "percent_statements_covered_display": "0", "num_branches": 12, "num_partial_branches": 0, "covered_branches": 0, "missing_branches": 12, "percent_branches_covered": 0.0, "percent_branches_covered_display": "0"}, "missing_lines": [312, 313, 315, 316, 317, 318, 321, 322, 323, 324, 327, 328, 330, 331, 333], "excluded_lines": [], "start_line": 302, "executed_branches": [], "missing_branches": [[315, 316], [315, 333], [317, 318], [317, 321], [321, 322], [321, 327], [322, 321], [322, 323], [327, 328], [327, 330], [330, 315], [330, 331]]}, "_create_escalation_file": {"executed_lines": [], "summary": {"covered_lines": 0, "num_statements": 17, "percent_covered": 0.0, "percent_covered_display": "0", "missing_lines": 17, "excluded_lines": 0, "percent_statements_covered": 0.0, "percent_statements_covered_display": "0", "num_branches": 8, "num_partial_branches": 0, "covered_branches": 0, "missing_branches": 8, "percent_branches_covered": 0.0, "percent_branches_covered_display": "0"}, "missing_lines": [346, 348, 361, 362, 363, 365, 372, 373, 374, 375, 376, 377, 378, 379, 381, 390, 391], "excluded_lines": [], "start_line": 336, "executed_branches": [], "missing_branches": [[361, 362], [361, 365], [372, 373], [372, 381], [375, 372], [375, 376], [377, 378], [377, 379]]}, "": {"executed_lines": [], "summary": {"covered_lines": 0, "num_statements": 30, "percent_covered": 0.0, "percent_covered_display": "0", "missing_lines": 30, "excluded_lines": 0, "percent_statements_covered": 0.0, "percent_statements_covered_display": "0", "num_branches": 0, "num_partial_branches": 0, "covered_branches": 0, "missing_branches": 0, "percent_branches_covered": 100.0, "percent_branches_covered_display": "100"}, "missing_lines": [3, 5, 6, 7, 9, 11, 12, 13, 14, 15, 16, 17, 18, 20, 23, 26, 27, 30, 33, 44, 47, 52, 64, 75, 86, 100, 183, 263, 302, 336], "excluded_lines": [], "start_line": 1, "executed_branches": [], "missing_branches": []}}, "classes": {"QAIssue": {"executed_lines": [], "summary": {"covered_lines": 0, "num_statements": 0, "percent_covered": 100.0, "percent_covered_display": "100", "missing_lines": 0, "excluded_lines": 0, "percent_statements_covered": 100.0, "percent_statements_covered_display": "100", "num_branches": 0, "num_partial_branches": 0, "covered_branches": 0, "missing_branches": 0, "percent_branches_covered": 100.0, "percent_branches_covered_display": "100"}, "missing_lines": [], "excluded_lines": [], "start_line": 23, "executed_branches": [], "missing_branches": []}, "QAResult": {"executed_lines": [], "summary": {"covered_lines": 0, "num_statements": 2, "percent_covered": 0.0, "percent_covered_display": "0", "missing_lines": 2, "excluded_lines": 0, "percent_statements_covered": 0.0, "percent_statements_covered_display": "0", "num_branches": 0, "num_partial_branches": 0, "covered_branches": 0, "missing_branches": 0, "percent_branches_covered": 100.0, "percent_branches_covered_display": "100"}, "missing_lines": [40, 41], "excluded_lines": [], "start_line": 30, "executed_branches": [], "missing_branches": []}, "QAHistory": {"executed_lines": [], "summary": {"covered_lines": 0, "num_statements": 9, "percent_covered": 0.0, "percent_covered_display": "0", "missing_lines": 9, "excluded_lines": 0, "percent_statements_covered": 0.0, "percent_statements_covered_display": "0", "num_branches": 2, "num_partial_branches": 0, "covered_branches": 0, "missing_branches": 2, "percent_branches_covered": 0.0, "percent_branches_covered_display": "0"}, "missing_lines": [49, 50, 58, 59, 61, 62, 73, 84, 97], "excluded_lines": [], "start_line": 44, "executed_branches": [], "missing_branches": [[59, -52], [59, 61]]}, "": {"executed_lines": [], "summary": {"covered_lines": 0, "num_statements": 131, "percent_covered": 0.0, "percent_covered_display": "0", "missing_lines": 131, "excluded_lines": 0, "percent_statements_covered": 0.0, "percent_statements_covered_display": "0", "num_branches": 42, "num_partial_branches": 0, "covered_branches": 0, "missing_branches": 42, "percent_branches_covered": 0.0, "percent_branches_covered_display": "0"}, "missing_lines": [3, 5, 6, 7, 9, 11, 12, 13, 14, 15, 16, 17, 18, 20, 23, 26, 27, 30, 33, 44, 47, 52, 64, 75, 86, 100, 128, 129, 130, 132, 133, 134, 136, 138, 139, 142, 146, 148, 149, 150, 152, 153, 154, 155, 158, 159, 160, 161, 162, 165, 166, 167, 170, 171, 172, 175, 178, 180, 183, 204, 207, 208, 209, 210, 211, 214, 215, 216, 219, 222, 232, 233, 236, 237, 240, 241, 243, 247, 250, 251, 252, 253, 255, 256, 259, 260, 263, 274, 277, 280, 291, 292, 295, 296, 297, 298, 299, 302, 312, 313, 315, 316, 317, 318, 321, 322, 323, 324, 327, 328, 330, 331, 333, 336, 346, 348, 361, 362, 363, 365, 372, 373, 374, 375, 376, 377, 378, 379, 381, 390, 391], "excluded_lines": [], "start_line": 1, "executed_branches": [], "missing_branches": [[128, 129], [128, 132], [138, 139], [138, 180], [148, 149], [148, 152], [154, 155], [154, 158], [158, 159], [158, 170], [161, 162], [161, 165], [170, 171], [170, 175], [215, 216], [215, 219], [250, 251], [250, 259], [251, 252], [251, 253], [253, 250], [253, 255], [315, 316], [315, 333], [317, 318], [317, 321], [321, 322], [321, 327], [322, 321], [322, 323], [327, 328], [327, 330], [330, 315], [330, 331], [361, 362], [361, 365], [372, 373], [372, 381], [375, 372], [375, 376], [377, 378], [377, 379]]}}}, "src/rasen/review.py": {"executed_lines": [], "summary": {"covered_lines": 0, "num_statements": 70, "percent_covered": 0.0, "percent_covered_display": "0", "missing_lines": 70, "excluded_lines": 0, "percent_statements_covered": 0.0, "percent_statements_covered_display": "0", "num_branches": 14, "num_partial_branches": 0, "covered_branches": 0, "missing_branches": 14, "percent_branches_covered": 0.0, "percent_branches_covered_display": "0"}, "missing_lines": [3, 5, 6, 8, 9, 10, 11, 12, 13, 14, 15, 17, 20, 23, 30, 31, 34, 59, 60, 61, 63, 64, 66, 68, 69, 72, 76, 77, 78, 80, 83, 86, 87, 90, 93, 96, 98, 101, 120, 123, 124, 125, 126, 127, 130, 139, 140, 143, 144, 147, 148, 150, 155, 158, 159, 160, 161, 162, 165, 166, 169, 185, 188, 199, 200, 203, 204, 205, 206, 207], "excluded_lines": [], "executed_branches": [], "missing_branches": [[59, 60], [59, 63], [68, 69], [68, 98], [76, 77], [76, 80], [86, 87], [86, 93], [158, 159], [158, 165], [159, 160], [159, 161], [161, 158], [161, 162]], "functions": {"ReviewResult.__init__": {"executed_lines": [], "summary": {"covered_lines": 0, "num_statements": 2, "percent_covered": 0.0, "percent_covered_display": "0", "missing_lines": 2, "excluded_lines": 0, "percent_statements_covered": 0.0, "percent_statements_covered_display": "0", "num_branches": 0, "num_partial_branches": 0, "covered_branches": 0, "missing_branches": 0, "percent_branches_covered": 100.0, "percent_branches_covered_display": "100"}, "missing_lines": [30, 31], "excluded_lines": [], "start_line": 23, "executed_branches": [], "missing_branches": []}, "run_review_loop": {"executed_lines": [], "summary": {"covered_lines": 0, "num_statements": 20, "percent_covered": 0.0, "percent_covered_display": "0", "missing_lines": 20, "excluded_lines": 0, "percent_statements_covered": 0.0, "percent_statements_covered_display": "0", "num_branches": 8, "num_partial_branches": 0, "covered_branches": 0, "missing_branches": 8, "percent_branches_covered": 0.0, "percent_branches_covered_display": "0"}, "missing_lines": [59, 60, 61, 63, 64, 66, 68, 69, 72, 76, 77, 78, 80, 83, 86, 87, 90, 93, 96, 98], "excluded_lines": [], "start_line": 34, "executed_branches": [], "missing_branches": [[59, 60], [59, 63], [68, 69], [68, 98], [76, 77], [76, 80], [86, 87], [86, 93]]}, "_run_reviewer_session": {"executed_lines": [], "summary": {"covered_lines": 0, "num_statements": 22, "percent_covered": 0.0, "percent_covered_display": "0", "missing_lines": 22, "excluded_lines": 0, "percent_statements_covered": 0.0, "percent_statements_covered_display": "0", "num_branches": 6, "num_partial_branches": 0, "covered_branches": 0, "missing_branches": 6, "percent_branches_covered": 0.0, "percent_branches_covered_display": "0"}, "missing_lines": [120, 123, 124, 125, 126, 127, 130, 139, 140, 143, 144, 147, 148, 150, 155, 158, 159, 160, 161, 162, 165, 166], "excluded_lines": [], "start_line": 101, "executed_branches": [], "missing_branches": [[158, 159], [158, 165], [159, 160], [159, 161], [161, 158], [161, 162]]}, "_run_coder_fix_session": {"executed_lines": [], "summary": {"covered_lines": 0, "num_statements": 9, "percent_covered": 0.0, "percent_covered_display": "0", "missing_lines": 9, "excluded_lines": 0, "percent_statements_covered": 0.0, "percent_statements_covered_display": "0", "num_branches": 0, "num_partial_branches": 0, "covered_branches": 0, "missing_branches": 0, "percent_branches_covered": 100.0, "percent_branches_covered_display": "100"}, "missing_lines": [185, 188, 199, 200, 203, 204, 205, 206, 207], "excluded_lines": [], "start_line": 169, "executed_branches": [], "missing_branches": []}, "": {"executed_lines": [], "summary": {"covered_lines": 0, "num_statements": 17, "percent_covered": 0.0, "percent_covered_display": "0", "missing_lines": 17, "excluded_lines": 0, "percent_statements_covered": 0.0, "percent_statements_covered_display": "0", "num_branches": 0, "num_partial_branches": 0, "covered_branches": 0, "missing_branches": 0, "percent_branches_covered": 100.0, "percent_branches_covered_display": "100"}, "missing_lines": [3, 5, 6, 8, 9, 10, 11, 12, 13, 14, 15, 17, 20, 23, 34, 101, 169], "excluded_lines": [], "start_line": 1, "executed_branches": [], "missing_branches": []}}, "classes": {"ReviewResult": {"executed_lines": [], "summary": {"covered_lines": 0, "num_statements": 2, "percent_covered": 0.0, "percent_covered_display": "
[...]
_covered": 100.0, "percent_branches_covered_display": "100"}, "missing_lines": [36, 37, 38], "excluded_lines": [], "start_line": 30, "executed_branches": [], "missing_branches": []}, "RecoveryStore.record_attempt": {"executed_lines": [], "summary": {"covered_lines": 0, "num_statements": 3, "percent_covered": 0.0, "percent_covered_display": "0", "missing_lines": 3, "excluded_lines": 0, "percent_statements_covered": 0.0, "percent_statements_covered_display": "0", "num_branches": 0, "num_partial_branches": 0, "covered_branches": 0, "missing_branches": 0, "percent_branches_covered": 100.0, "percent_branches_covered_display": "100"}, "missing_lines": [57, 58, 67], "excluded_lines": [], "start_line": 40, "executed_branches": [], "missing_branches": []}, "RecoveryStore.get_failed_approaches": {"executed_lines": [], "summary": {"covered_lines": 0, "num_statements": 2, "percent_covered": 0.0, "percent_covered_display": "0", "missing_lines": 2, "excluded_lines": 0, "percent_statements_covered": 0.0, "percent_statements_covered_display": "0", "num_branches": 0, "num_partial_branches": 0, "covered_branches": 0, "missing_branches": 0, "percent_branches_covered": 100.0, "percent_branches_covered_display": "100"}, "missing_lines": [78, 79], "excluded_lines": [], "start_line": 69, "executed_branches": [], "missing_branches": []}, "RecoveryStore.get_attempt_count": {"executed_lines": [], "summary": {"covered_lines": 0, "num_statements": 2, "percent_covered": 0.0, "percent_covered_display": "0", "missing_lines": 2, "excluded_lines": 0, "percent_statements_covered": 0.0, "percent_statements_covered_display": "0", "num_branches": 0, "num_partial_branches": 0, "covered_branches": 0, "missing_branches": 0, "percent_branches_covered": 100.0, "percent_branches_covered_display": "100"}, "missing_lines": [90, 91], "excluded_lines": [], "start_line": 81, "executed_branches": [], "missing_branches": []}, "RecoveryStore.record_good_commit": {"executed_lines": [], "summary": {"covered_lines": 0, "num_statements": 3, "percent_covered": 0.0, "percent_covered_display": "0", "missing_lines": 3, "excluded_lines": 0, "percent_statements_covered": 0.0, "percent_statements_covered_display": "0", "num_branches": 0, "num_partial_branches": 0, "covered_branches": 0, "missing_branches": 0, "percent_branches_covered": 100.0, "percent_branches_covered_display": "100"}, "missing_lines": [100, 101, 108], "excluded_lines": [], "start_line": 93, "executed_branches": [], "missing_branches": []}, "RecoveryStore.get_last_good_commit": {"executed_lines": [], "summary": {"covered_lines": 0, "num_statements": 6, "percent_covered": 0.0, "percent_covered_display": "0", "missing_lines": 6, "excluded_lines": 0, "percent_statements_covered": 0.0, "percent_statements_covered_display": "0", "num_branches": 2, "num_partial_branches": 0, "covered_branches": 0, "missing_branches": 2, "percent_branches_covered": 0.0, "percent_branches_covered_display": "0"}, "missing_lines": [116, 117, 118, 119, 120, 121], "excluded_lines": [], "start_line": 110, "executed_branches": [], "missing_branches": [[117, 118], [117, 121]]}, "RecoveryStore.is_thrashing": {"executed_lines": [], "summary": {"covered_lines": 0, "num_statements": 6, "percent_covered": 0.0, "percent_covered_display": "0", "missing_lines": 6, "excluded_lines": 0, "percent_statements_covered": 0.0, "percent_statements_covered_display": "0", "num_branches": 2, "num_partial_branches": 0, "covered_branches": 0, "missing_branches": 2, "percent_branches_covered": 0.0, "percent_branches_covered_display": "0"}, "missing_lines": [133, 134, 136, 137, 140, 141], "excluded_lines": [], "start_line": 123, "executed_branches": [], "missing_branches": [[136, 137], [136, 140]]}, "RecoveryStore._load_history": {"executed_lines": [], "summary": {"covered_lines": 0, "num_statements": 4, "percent_covered": 0.0, "percent_covered_display": "0", "missing_lines": 4, "excluded_lines": 0, "percent_statements_covered": 0.0, "percent_statements_covered_display": "0", "num_branches": 2, "num_partial_branches": 0, "covered_branches": 0, "missing_branches": 2, "percent_branches_covered": 0.0, "percent_branches_covered_display": "0"}, "missing_lines": [145, 146, 147, 148], "excluded_lines": [], "start_line": 143, "executed_branches": [], "missing_branches": [[145, 146], [145, 147]]}, "RecoveryStore._save_history": {"executed_lines": [], "summary": {"covered_lines": 0, "num_statements": 3, "percent_covered": 0.0, "percent_covered_display": "0", "missing_lines": 3, "excluded_lines": 0, "percent_statements_covered": 0.0, "percent_statements_covered_display": "0", "num_branches": 0, "num_partial_branches": 0, "covered_branches": 0, "missing_branches": 0, "percent_branches_covered": 100.0, "percent_branches_covered_display": "100"}, "missing_lines": [152, 153, 154], "excluded_lines": [], "start_line": 150, "executed_branches": [], "missing_branches": []}, "RecoveryStore._load_commits": {"executed_lines": [], "summary": {"covered_lines": 0, "num_statements": 4, "percent_covered": 0.0, "percent_covered_display": "0", "missing_lines": 4, "excluded_lines": 0, "percent_statements_covered": 0.0, "percent_statements_covered_display": "0", "num_branches": 2, "num_partial_branches": 0, "covered_branches": 0, "missing_branches": 2, "percent_branches_covered": 0.0, "percent_branches_covered_display": "0"}, "missing_lines": [158, 159, 160, 161], "excluded_lines": [], "start_line": 156, "executed_branches": [], "missing_branches": [[158, 159], [158, 160]]}, "RecoveryStore._save_commits": {"executed_lines": [], "summary": {"covered_lines": 0, "num_statements": 3, "percent_covered": 0.0, "percent_covered_display": "0", "missing_lines": 3, "excluded_lines": 0, "percent_statements_covered": 0.0, "percent_statements_covered_display": "0", "num_branches": 0, "num_partial_branches": 0, "covered_branches": 0, "missing_branches": 0, "percent_branches_covered": 100.0, "percent_branches_covered_display": "100"}, "missing_lines": [165, 166, 167], "excluded_lines": [], "start_line": 163, "executed_branches": [], "missing_branches": []}, "": {"executed_lines": [3, 5, 6, 7, 9, 11, 12, 15, 18, 21, 24, 27, 30, 40, 69, 81, 93, 110, 123, 143, 150, 156, 163], "summary": {"covered_lines": 23, "num_statements": 23, "percent_covered": 100.0, "percent_covered_display": "100", "missing_lines": 0, "excluded_lines": 0, "percent_statements_covered": 100.0, "percent_statements_covered_display": "100", "num_branches": 0, "num_partial_branches": 0, "covered_branches": 0, "missing_branches": 0, "percent_branches_covered": 100.0, "percent_branches_covered_display": "100"}, "missing_lines": [], "excluded_lines": [], "start_line": 1, "executed_branches": [], "missing_branches": []}}, "classes": {"AttemptHistory": {"executed_lines": [], "summary": {"covered_lines": 0, "num_statements": 0, "percent_covered": 100.0, "percent_covered_display": "100", "missing_lines": 0, "excluded_lines": 0, "percent_statements_covered": 100.0, "percent_statements_covered_display": "100", "num_branches": 0, "num_partial_branches": 0, "covered_branches": 0, "missing_branches": 0, "percent_branches_covered": 100.0, "percent_branches_covered_display": "100"}, "missing_lines": [], "excluded_lines": [], "start_line": 15, "executed_branches": [], "missing_branches": []}, "GoodCommits": {"executed_lines": [], "summary": {"covered_lines": 0, "num_statements": 0, "percent_covered": 100.0, "percent_covered_display": "100", "missing_lines": 0, "excluded_lines": 0, "percent_statements_covered": 100.0, "percent_statements_covered_display": "100", "num_branches": 0, "num_partial_branches": 0, "covered_branches": 0, "missing_branches": 0, "percent_branches_covered": 100.0, "percent_branches_covered_display": "100"}, "missing_lines": [], "excluded_lines": [], "start_line": 21, "executed_branches": [], "missing_branches": []}, "RecoveryStore": {"executed_lines": [], "summary": {"covered_lines": 0, "num_statements": 39, "percent_covered": 0.0, "percent_covered_display": "0", "missing_lines": 39, "excluded_lines": 0, "percent_statements_covered": 0.0, "percent_statements_covered_display": "0", "num_branches": 8, "num_partial_branches": 0, "covered_branches": 0, "missing_branches": 8, "percent_branches_covered": 0.0, "percent_branches_covered_display": "0"}, "missing_lines": [36, 37, 38, 57, 58, 67, 78, 79, 90, 91, 100, 101, 108, 116, 117, 118, 119, 120, 121, 133, 134, 136, 137, 140, 141, 145, 146, 147, 148, 152, 153, 154, 158, 159, 160, 161, 165, 166, 167], "excluded_lines": [], "start_line": 27, "executed_branches": [], "missing_branches": [[117, 118], [117, 121], [136, 137], [136, 140], [145, 146], [145, 147], [158, 159], [158, 160]]}, "": {"executed_lines": [3, 5, 6, 7, 9, 11, 12, 15, 18, 21, 24, 27, 30, 40, 69, 81, 93, 110, 123, 143, 150, 156, 163], "summary": {"covered_lines": 23, "num_statements": 23, "percent_covered": 100.0, "percent_covered_display": "100", "missing_lines": 0, "excluded_lines": 0, "percent_statements_covered": 100.0, "percent_statements_covered_display": "100", "num_branches": 0, "num_partial_branches": 0, "covered_branches": 0, "missing_branches": 0, "percent_branches_covered": 100.0, "percent_branches_covered_display": "100"}, "missing_lines": [], "excluded_lines": [], "start_line": 1, "executed_branches": [], "missing_branches": []}}}, "src/rasen/stores/status_store.py": {"executed_lines": [3, 5, 6, 8, 10, 13, 16, 17, 18, 19, 20, 21, 22, 23, 24, 27, 30, 38, 47, 57, 65], "summary": {"covered_lines": 21, "num_statements": 37, "percent_covered": 48.83720930232558, "percent_covered_display": "49", "missing_lines": 16, "excluded_lines": 0, "percent_statements_covered": 56.75675675675676, "percent_statements_covered_display": "57", "num_branches": 6, "num_partial_branches": 0, "covered_branches": 0, "missing_branches": 6, "percent_branches_covered": 0.0, "percent_branches_covered_display": "0"}, "missing_lines": [36, 44, 45, 53, 54, 55, 59, 60, 61, 62, 63, 71, 72, 73, 74, 75], "excluded_lines": [], "executed_branches": [], "missing_branches": [[53, 54], [53, 55], [60, -57], [60, 61], [72, -65], [72, 73]], "functions": {"StatusStore.__init__": {"executed_lines": [], "summary": {"covered_lines": 0, "num_statements": 1, "percent_covered": 0.0, "percent_covered_display": "0", "missing_lines": 1, "excluded_lines": 0, "percent_statements_covered": 0.0, "percent_statements_covered_display": "0", "num_branches": 0, "num_partial_branches": 0, "covered_branches": 0, "missing_branches": 0, "percent_branches_covered": 100.0, "percent_branches_covered_display": "100"}, "missing_lines": [36], "excluded_lines": [], "start_line": 30, "executed_branches": [], "missing_branches": []}, "StatusStore.update": {"executed_lines": [], "summary": {"covered_lines": 0, "num_statements": 2, "percent_covered": 0.0, "percent_covered_display": "0", "missing_lines": 2, "excluded_lines": 0, "percent_statements_covered": 0.0, "percent_statements_covered_display": "0", "num_branches": 0, "num_partial_branches": 0, "covered_branches": 0, "missing_branches": 0, "percent_branches_covered": 100.0, "percent_branches_covered_display": "100"}, "missing_lines": [44, 45], "excluded_lines": [], "start_line": 38, "executed_branches": [], "missing_branches": []}, "StatusStore.load": {"executed_lines": [], "summary": {"covered_lines": 0, "num_statements": 3, "percent_covered": 0.0, "percent_covered_display": "0", "missing_lines": 3, "excluded_lines": 0, "percent_statements_covered": 0.0, "percent_statements_covered_display": "0", "num_branches": 2, "num_partial_branches": 0, "covered_branches": 0, "missing_branches": 2, "percent_branches_covered": 0.0, "percent_branches_covered_display": "0"}, "missing_lines": [53, 54, 55], "excluded_lines": [], "start_line": 47, "executed_branches": [], "missing_branches": [[53, 54], [53, 55]]}, "StatusStore.mark_completed": {"executed_lines": [], "summary": {"covered_lines": 0, "num_statements": 5, "percent_covered": 0.0, "percent_covered_display": "0", "missing_lines": 5, "excluded_lines": 0, "percent_statements_covered": 0.0, "percent_statements_covered_display": "0", "num_branches": 2, "num_partial_branches": 0, "covered_branches": 0, "missing_branches": 2, "percent_branches_covered": 0.0, "percent_branches_covered_display": "0"}, "missing_lines": [59, 60, 61, 62, 63], "excluded_lines": [], "start_line": 57, "executed_branches": [], "missing_branches": [[60, -57], [60, 61]]}, "StatusStore.mark_failed": {"executed_lines": [], "summary": {"covered_lines": 0, "num_statements": 5, "percent_covered": 0.0, "percent_covered_display": "0", "missing_lines": 5, "excluded_lines": 0, "percent_statements_covered": 0.0, "percent_statements_covered_display": "0", "num_branches": 2, "num_partial_branches": 0, "covered_branches": 0, "missing_branches": 2, "percent_branches_covered": 0.0, "percent_branches_covered_display": "0"}, "missing_lines": [71, 72, 73, 74, 75], "excluded_lines": [], "start_line": 65, "executed_branches": [], "missing_branches": [[72, -65], [72, 73]]}, "": {"executed_lines": [3, 5, 6, 8, 10, 13, 16, 17, 18, 19, 20, 21, 22, 23, 24, 27, 30, 38, 47, 57, 65], "summary": {"covered_lines": 21, "num_statements": 21, "percent_covered": 100.0, "percent_covered_display": "100", "missing_lines": 0, "excluded_lines": 0, "percent_statements_covered": 100.0, "percent_statements_covered_display": "100", "num_branches": 0, "num_partial_branches": 0, "covered_branches": 0, "missing_branches": 0, "percent_branches_covered": 100.0, "percent_branches_covered_display": "100"}, "missing_lines": [], "excluded_lines": [], "start_line": 1, "executed_branches": [], "missing_branches": []}}, "classes": {"StatusInfo": {"executed_lines": [], "summary": {"covered_lines": 0, "num_statements": 0, "percent_covered": 100.0, "percent_covered_display": "100", "missing_lines": 0, "excluded_lines": 0, "percent_statements_covered": 100.0, "percent_statements_covered_display": "100", "num_branches": 0, "num_partial_branches": 0, "covered_branches": 0, "missing_branches": 0, "percent_branches_covered": 100.0, "percent_branches_covered_display": "100"}, "missing_lines": [], "excluded_lines": [], "start_line": 13, "executed_branches": [], "missing_branches": []}, "StatusStore": {"executed_lines": [], "summary": {"covered_lines": 0, "num_statements": 16, "percent_covered": 0.0, "percent_covered_display": "0", "missing_lines": 16, "excluded_lines": 0, "percent_statements_covered": 0.0, "percent_statements_covered_display": "0", "num_branches": 6, "num_partial_branches": 0, "covered_branches": 0, "missing_branches": 6, "percent_branches_covered": 0.0, "percent_branches_covered_display": "0"}, "missing_lines": [36, 44, 45, 53, 54, 55, 59, 60, 61, 62, 63, 71, 72, 73, 74, 75], "excluded_lines": [], "start_line": 27, "executed_branches": [], "missing_branches": [[53, 54], [53, 55], [60, -57], [60, 61], [72, -65], [72, 73]]}, "": {"executed_lines": [3, 5, 6, 8, 10, 13, 16, 17, 18, 19, 20, 21, 22, 23, 24, 27, 30, 38, 47, 57, 65], "summary": {"covered_lines": 21, "num_statements": 21, "percent_covered": 100.0, "percent_covered_display": "100", "missing_lines": 0, "excluded_lines": 0, "percent_statements_covered": 100.0, "percent_statements_covered_display": "100", "num_branches": 0, "num_partial_branches": 0, "covered_branches": 0, "missing_branches": 0, "percent_branches_covered": 100.0, "percent_branches_covered_display": "100"}, "missing_lines": [], "excluded_lines": [], "start_line": 1, "executed_branches": [], "missing_branches": []}}}, "src/rasen/validation.py": {"executed_lines": [3, 5, 6, 9, 31, 32, 33, 34, 35, 37, 38, 40, 43, 46, 48, 51, 53, 56, 71], "summary": {"covered_lines": 19, "num_statements": 25, "percent_covered": 74.35897435897436, "percent_covered_display": "74", "missing_lines": 6, "excluded_lines": 0, "percent_statements_covered": 76.0, "percent_statements_covered_display": "76", "num_branches": 14, "num_partial_branches": 0, "covered_branches": 10, "missing_branches": 4, "percent_branches_covered": 71.42857142857143, "percent_branches_covered_display": "71"}, "missing_lines": [65, 66, 67, 68, 80, 81], "excluded_lines": [], "executed_branches": [[32, 33], [32, 37], [33, 32], [33, 34], [37, 38], [37, 40], [43, 46], [43, 48], [48, 51], [48, 53]], "missing_branches": [[65, 66], [65, 68], [66, 65], [66, 67]], "functions": {"validate_completion": {"executed_lines": [31, 32, 33, 34, 35, 37, 38, 40, 43, 46, 48, 51, 53], "summary": {"covered_lines": 13, "num_statements": 13, "percent_covered": 100.0, "percent_covered_display": "100", "missing_lines": 0, "excluded_lines": 0, "percent_statements_covered": 100.0, "percent_statements_covered_display": "100", "num_branches": 10, "num_partial_branches": 0, "covered_branches": 10, "missing_branches": 0, "percent_branches_covered": 100.0, "percent_branches_covered_display": "100"}, "missing_lines": [], "excluded_lines": [], "start_line": 9, "executed_branches": [[32, 33], [32, 37], [33, 32], [33, 34], [37, 38], [37, 40], [43, 46], [43, 48], [48, 51], [48, 53]], "missing_branches": []}, "extract_completion_summary": {"executed_lines": [], "summary": {"covered_lines": 0, "num_statements": 4, "percent_covered": 0.0, "percent_covered_display": "0", "missing_lines": 4, "excluded_lines": 0, "percent_statements_covered": 0.0, "percent_statements_covered_display": "0", "num_branches": 4, "num_partial_branches": 0, "covered_branches": 0, "missing_branches": 4, "percent_branches_covered": 0.0, "percent_branches_covered_display": "0"}, "missing_lines": [65, 66, 67, 68], "excluded_lines": [], "start_line": 56, "executed_branches": [], "missing_branches": [[65, 66], [65, 68], [66, 65], [66, 67]]}, "has_quality_evidence": {"executed_lines": [], "summary": {"covered_lines": 0, "num_statements": 2, "percent_covered": 0.0, "percent_covered_display": "0", "missing_lines": 2, "excluded_lines": 0, "percent_statements_covered": 0.0, "percent_statements_covered_display": "0", "num_branches": 0, "num_partial_branches": 0, "covered_branches": 0, "missing_branches": 0, "percent_branches_covered": 100.0, "percent_branches_covered_display": "100"}, "missing_lines": [80, 81], "excluded_lines": [], "start_line": 71, "executed_branches": [], "missing_branches": []}, "": {"executed_lines": [3, 5, 6, 9, 56, 71], "summary": {"covered_lines": 6, "num_statements": 6, "percent_covered": 100.0, "percent_covered_display": "100", "missing_lines": 0, "excluded_lines": 0, "percent_statements_covered": 100.0, "percent_statements_covered_display": "100", "num_branches": 0, "num_partial_branches": 0, "covered_branches": 0, "missing_branches": 0, "percent_branches_covered": 100.0, "percent_branches_covered_display": "100"}, "missing_lines": [], "excluded_lines": [], "start_line": 1, "executed_branches": [], "missing_branches": []}}, "classes": {"": {"executed_lines": [3, 5, 6, 9, 31, 32, 33, 34, 35, 37, 38, 40, 43, 46, 48, 51, 53, 56, 71], "summary": {"covered_lines": 19, "num_statements": 25, "percent_covered": 74.35897435897436, "percent_covered_display": "74", "missing_lines": 6, "excluded_lines": 0, "percent_statements_covered": 76.0, "percent_statements_covered_display": "76", "num_branches": 14, "num_partial_branches": 0, "covered_branches": 10, "missing_branches": 4, "percent_branches_covered": 71.42857142857143, "percent_branches_covered_display": "71"}, "missing_lines": [65, 66, 67, 68, 80, 81], "excluded_lines": [], "start_line": 1, "executed_branches": [[32, 33], [32, 37], [33, 32], [33, 34], [37, 38], [37, 40], [43, 46], [43, 48], [48, 51], [48, 53]], "missing_branches": [[65, 66], [65, 68], [66, 65], [66, 67]]}}}}, "totals": {"covered_lines": 368, "num_statements": 1046, "percent_covered": 32.1371610845295, "percent_covered_display": "32", "missing_lines": 678, "excluded_lines": 4, "percent_statements_covered": 35.18164435946463, "percent_statements_covered_display": "35", "num_branches": 208, "num_partial_branches": 5, "covered_branches": 35, "missing_branches": 173, "percent_branches_covered": 16.826923076923077, "percent_branches_covered_display": "17"}}